{"/home/gerrard/workspace/tour-reservation/src/app.controller.ts": {"path":"/home/gerrard/workspace/tour-reservation/src/app.controller.ts","statementMap":{"0":{"start":{"line":1,"column":0},"end":{"line":1,"column":49}},"1":{"start":{"line":2,"column":0},"end":{"line":2,"column":43}},"2":{"start":{"line":5,"column":0},"end":{"line":5,"column":13}},"3":{"start":{"line":6,"column":31},"end":{"line":6,"column":43}},"4":{"start":{"line":9,"column":2},"end":{"line":11,"column":null}},"5":{"start":{"line":10,"column":4},"end":{"line":10,"column":42}},"6":{"start":{"line":5,"column":13},"end":{"line":12,"column":null}},"7":{"start":{"line":12,"column":0},"end":{"line":12,"column":null}},"8":{"start":{"line":5,"column":13},"end":{"line":5,"column":26}}},"fnMap":{"0":{"name":"(anonymous_2)","decl":{"start":{"line":5,"column":0},"end":{"line":5,"column":13}},"loc":{"start":{"line":5,"column":0},"end":{"line":5,"column":13}}},"1":{"name":"AppController","decl":{"start":{"line":6,"column":2},"end":{"line":6,"column":31}},"loc":{"start":{"line":6,"column":53},"end":{"line":6,"column":57}}},"2":{"name":"(anonymous_4)","decl":{"start":{"line":9,"column":2},"end":{"line":9,"column":14}},"loc":{"start":{"line":9,"column":2},"end":{"line":11,"column":3}}}},"branchMap":{},"s":{"0":1,"1":1,"2":1,"3":1,"4":2,"5":1,"6":1,"7":1,"8":1},"f":{"0":1,"1":1,"2":1},"b":{}}
,"/home/gerrard/workspace/tour-reservation/src/app.module.ts": {"path":"/home/gerrard/workspace/tour-reservation/src/app.module.ts","statementMap":{"0":{"start":{"line":1,"column":0},"end":{"line":1,"column":40}},"1":{"start":{"line":2,"column":0},"end":{"line":2,"column":49}},"2":{"start":{"line":3,"column":0},"end":{"line":3,"column":43}},"3":{"start":{"line":4,"column":0},"end":{"line":4,"column":54}},"4":{"start":{"line":5,"column":0},"end":{"line":5,"column":48}},"5":{"start":{"line":6,"column":0},"end":{"line":6,"column":60}},"6":{"start":{"line":7,"column":0},"end":{"line":7,"column":69}},"7":{"start":{"line":8,"column":0},"end":{"line":8,"column":60}},"8":{"start":{"line":9,"column":0},"end":{"line":9,"column":55}},"9":{"start":{"line":10,"column":0},"end":{"line":10,"column":51}},"10":{"start":{"line":11,"column":0},"end":{"line":11,"column":61}},"11":{"start":{"line":12,"column":0},"end":{"line":12,"column":58}},"12":{"start":{"line":32,"column":0},"end":{"line":32,"column":13}},"13":{"start":{"line":32,"column":13},"end":{"line":32,"column":null}},"14":{"start":{"line":32,"column":24},"end":{"line":32,"column":null}},"15":{"start":{"line":32,"column":13},"end":{"line":32,"column":22}}},"fnMap":{"0":{"name":"(anonymous_1)","decl":{"start":{"line":32,"column":0},"end":{"line":32,"column":13}},"loc":{"start":{"line":32,"column":0},"end":{"line":32,"column":13}}}},"branchMap":{},"s":{"0":0,"1":0,"2":0,"3":0,"4":0,"5":0,"6":0,"7":0,"8":0,"9":0,"10":0,"11":0,"12":0,"13":0,"14":0,"15":0},"f":{"0":0},"b":{}}
,"/home/gerrard/workspace/tour-reservation/src/app.service.ts": {"path":"/home/gerrard/workspace/tour-reservation/src/app.service.ts","statementMap":{"0":{"start":{"line":1,"column":0},"end":{"line":1,"column":44}},"1":{"start":{"line":4,"column":0},"end":{"line":4,"column":13}},"2":{"start":{"line":5,"column":2},"end":{"line":7,"column":null}},"3":{"start":{"line":6,"column":4},"end":{"line":6,"column":16}},"4":{"start":{"line":4,"column":13},"end":{"line":8,"column":null}},"5":{"start":{"line":8,"column":0},"end":{"line":8,"column":null}},"6":{"start":{"line":4,"column":13},"end":{"line":4,"column":23}}},"fnMap":{"0":{"name":"(anonymous_1)","decl":{"start":{"line":4,"column":0},"end":{"line":4,"column":13}},"loc":{"start":{"line":4,"column":0},"end":{"line":4,"column":13}}},"1":{"name":"(anonymous_3)","decl":{"start":{"line":5,"column":2},"end":{"line":5,"column":14}},"loc":{"start":{"line":5,"column":2},"end":{"line":7,"column":3}}}},"branchMap":{},"s":{"0":1,"1":1,"2":1,"3":1,"4":1,"5":1,"6":1},"f":{"0":2,"1":1},"b":{}}
,"/home/gerrard/workspace/tour-reservation/src/main.ts": {"path":"/home/gerrard/workspace/tour-reservation/src/main.ts","statementMap":{"0":{"start":{"line":1,"column":0},"end":{"line":1,"column":43}},"1":{"start":{"line":2,"column":0},"end":{"line":2,"column":65}},"2":{"start":{"line":3,"column":0},"end":{"line":3,"column":41}},"3":{"start":{"line":6,"column":14},"end":{"line":6,"column":null}},"4":{"start":{"line":6,"column":8},"end":{"line":6,"column":null}},"5":{"start":{"line":8,"column":8},"end":{"line":12,"column":13}},"6":{"start":{"line":13,"column":8},"end":{"line":13,"column":61}},"7":{"start":{"line":14,"column":2},"end":{"line":14,"column":44}},"8":{"start":{"line":16,"column":2},"end":{"line":16,"column":25}},"9":{"start":{"line":18,"column":0},"end":{"line":18,"column":12}}},"fnMap":{"0":{"name":"bootstrap","decl":{"start":{"line":5,"column":15},"end":{"line":5,"column":24}},"loc":{"start":{"line":5,"column":24},"end":{"line":17,"column":null}}}},"branchMap":{"0":{"loc":{"start":{"line":6,"column":14},"end":{"line":6,"column":null}},"type":"switch","locations":[{"start":{"line":6,"column":14},"end":{"line":6,"column":null}}]}},"s":{"0":0,"1":0,"2":0,"3":0,"4":0,"5":0,"6":0,"7":0,"8":0,"9":0},"f":{"0":0},"b":{"0":[0]}}
,"/home/gerrard/workspace/tour-reservation/src/cache/cache.config.ts": {"path":"/home/gerrard/workspace/tour-reservation/src/cache/cache.config.ts","statementMap":{"0":{"start":{"line":1,"column":0},"end":{"line":1,"column":44}},"1":{"start":{"line":6,"column":0},"end":{"line":6,"column":47}},"2":{"start":{"line":9,"column":0},"end":{"line":9,"column":13}},"3":{"start":{"line":10,"column":22},"end":{"line":10,"column":37}},"4":{"start":{"line":12,"column":8},"end":{"line":19,"column":null}},"5":{"start":{"line":13,"column":4},"end":{"line":18,"column":6}},"6":{"start":{"line":9,"column":13},"end":{"line":20,"column":null}},"7":{"start":{"line":20,"column":0},"end":{"line":20,"column":null}},"8":{"start":{"line":9,"column":13},"end":{"line":9,"column":31}}},"fnMap":{"0":{"name":"(anonymous_15)","decl":{"start":{"line":9,"column":0},"end":{"line":9,"column":13}},"loc":{"start":{"line":9,"column":0},"end":{"line":9,"column":13}}},"1":{"name":"RedisConfigService","decl":{"start":{"line":10,"column":2},"end":{"line":10,"column":22}},"loc":{"start":{"line":10,"column":50},"end":{"line":10,"column":54}}},"2":{"name":"(anonymous_17)","decl":{"start":{"line":12,"column":2},"end":{"line":12,"column":8}},"loc":{"start":{"line":12,"column":2},"end":{"line":19,"column":null}}}},"branchMap":{},"s":{"0":0,"1":0,"2":0,"3":0,"4":0,"5":0,"6":0,"7":0,"8":0},"f":{"0":0,"1":0,"2":0},"b":{}}
,"/home/gerrard/workspace/tour-reservation/src/cache/cache.module.ts": {"path":"/home/gerrard/workspace/tour-reservation/src/cache/cache.module.ts","statementMap":{"0":{"start":{"line":1,"column":0},"end":{"line":1,"column":40}},"1":{"start":{"line":2,"column":0},"end":{"line":2,"column":55}},"2":{"start":{"line":3,"column":0},"end":{"line":3,"column":47}},"3":{"start":{"line":10,"column":0},"end":{"line":10,"column":13}},"4":{"start":{"line":10,"column":13},"end":{"line":10,"column":null}},"5":{"start":{"line":10,"column":26},"end":{"line":10,"column":null}},"6":{"start":{"line":10,"column":13},"end":{"line":10,"column":24}}},"fnMap":{"0":{"name":"(anonymous_1)","decl":{"start":{"line":10,"column":0},"end":{"line":10,"column":13}},"loc":{"start":{"line":10,"column":0},"end":{"line":10,"column":13}}}},"branchMap":{},"s":{"0":0,"1":0,"2":0,"3":0,"4":0,"5":0,"6":0},"f":{"0":0},"b":{}}
,"/home/gerrard/workspace/tour-reservation/src/cache/cache.service.ts": {"path":"/home/gerrard/workspace/tour-reservation/src/cache/cache.service.ts","statementMap":{"0":{"start":{"line":1,"column":0},"end":{"line":1,"column":44}},"1":{"start":{"line":3,"column":0},"end":{"line":3,"column":56}},"2":{"start":{"line":6,"column":0},"end":{"line":6,"column":13}},"3":{"start":{"line":8,"column":31},"end":{"line":8,"column":45}},"4":{"start":{"line":9,"column":4},"end":{"line":9,"column":48}},"5":{"start":{"line":12,"column":8},"end":{"line":14,"column":null}},"6":{"start":{"line":13,"column":4},"end":{"line":13,"column":37}},"7":{"start":{"line":16,"column":8},"end":{"line":18,"column":null}},"8":{"start":{"line":17,"column":4},"end":{"line":17,"column":64}},"9":{"start":{"line":20,"column":8},"end":{"line":22,"column":null}},"10":{"start":{"line":21,"column":4},"end":{"line":21,"column":37}},"11":{"start":{"line":6,"column":13},"end":{"line":23,"column":null}},"12":{"start":{"line":23,"column":0},"end":{"line":23,"column":null}},"13":{"start":{"line":6,"column":13},"end":{"line":6,"column":25}}},"fnMap":{"0":{"name":"(anonymous_15)","decl":{"start":{"line":6,"column":0},"end":{"line":6,"column":13}},"loc":{"start":{"line":6,"column":0},"end":{"line":6,"column":13}}},"1":{"name":"CacheService","decl":{"start":{"line":8,"column":2},"end":{"line":8,"column":31}},"loc":{"start":{"line":8,"column":57},"end":{"line":10,"column":3}}},"2":{"name":"(anonymous_17)","decl":{"start":{"line":12,"column":2},"end":{"line":12,"column":8}},"loc":{"start":{"line":12,"column":23},"end":{"line":14,"column":null}}},"3":{"name":"(anonymous_20)","decl":{"start":{"line":16,"column":2},"end":{"line":16,"column":8}},"loc":{"start":{"line":16,"column":55},"end":{"line":18,"column":null}}},"4":{"name":"(anonymous_23)","decl":{"start":{"line":20,"column":2},"end":{"line":20,"column":8}},"loc":{"start":{"line":20,"column":23},"end":{"line":22,"column":null}}}},"branchMap":{"0":{"loc":{"start":{"line":17,"column":50},"end":{"line":17,"column":62}},"type":"cond-expr","locations":[{"start":{"line":17,"column":50},"end":{"line":17,"column":56}},{"start":{"line":17,"column":60},"end":{"line":17,"column":62}}]},"1":{"loc":{"start":{"line":17,"column":50},"end":{"line":17,"column":60}},"type":"binary-expr","locations":[{"start":{"line":17,"column":50},"end":{"line":17,"column":60}},{"start":{"line":17,"column":50},"end":{"line":17,"column":60}}]}},"s":{"0":0,"1":0,"2":0,"3":0,"4":0,"5":0,"6":0,"7":0,"8":0,"9":0,"10":0,"11":0,"12":0,"13":0},"f":{"0":0,"1":0,"2":0,"3":0,"4":0},"b":{"0":[0,0],"1":[0,0]}}
,"/home/gerrard/workspace/tour-reservation/src/customer/customer.controller.ts": {"path":"/home/gerrard/workspace/tour-reservation/src/customer/customer.controller.ts","statementMap":{"0":{"start":{"line":1,"column":0},"end":{"line":1,"column":56}},"1":{"start":{"line":2,"column":0},"end":{"line":2,"column":53}},"2":{"start":{"line":3,"column":0},"end":{"line":3,"column":62}},"3":{"start":{"line":4,"column":0},"end":{"line":4,"column":91}},"4":{"start":{"line":8,"column":0},"end":{"line":8,"column":13}},"5":{"start":{"line":9,"column":31},"end":{"line":9,"column":48}},"6":{"start":{"line":22,"column":2},"end":{"line":24,"column":null}},"7":{"start":{"line":23,"column":4},"end":{"line":23,"column":58}},"8":{"start":{"line":8,"column":13},"end":{"line":25,"column":null}},"9":{"start":{"line":25,"column":0},"end":{"line":25,"column":null}},"10":{"start":{"line":8,"column":13},"end":{"line":8,"column":31}}},"fnMap":{"0":{"name":"(anonymous_4)","decl":{"start":{"line":8,"column":0},"end":{"line":8,"column":13}},"loc":{"start":{"line":8,"column":0},"end":{"line":8,"column":13}}},"1":{"name":"CustomerController","decl":{"start":{"line":9,"column":2},"end":{"line":9,"column":31}},"loc":{"start":{"line":9,"column":63},"end":{"line":9,"column":67}}},"2":{"name":"(anonymous_6)","decl":{"start":{"line":22,"column":2},"end":{"line":22,"column":8}},"loc":{"start":{"line":22,"column":53},"end":{"line":24,"column":3}}}},"branchMap":{},"s":{"0":1,"1":1,"2":1,"3":1,"4":1,"5":0,"6":2,"7":0,"8":1,"9":1,"10":1},"f":{"0":1,"1":0,"2":0},"b":{}}
,"/home/gerrard/workspace/tour-reservation/src/customer/customer.module.ts": {"path":"/home/gerrard/workspace/tour-reservation/src/customer/customer.module.ts","statementMap":{"0":{"start":{"line":1,"column":0},"end":{"line":1,"column":40}},"1":{"start":{"line":2,"column":0},"end":{"line":2,"column":53}},"2":{"start":{"line":3,"column":0},"end":{"line":3,"column":59}},"3":{"start":{"line":4,"column":0},"end":{"line":4,"column":61}},"4":{"start":{"line":5,"column":0},"end":{"line":5,"column":57}},"5":{"start":{"line":16,"column":0},"end":{"line":16,"column":13}},"6":{"start":{"line":16,"column":13},"end":{"line":16,"column":null}},"7":{"start":{"line":16,"column":29},"end":{"line":16,"column":null}},"8":{"start":{"line":16,"column":13},"end":{"line":16,"column":27}}},"fnMap":{"0":{"name":"(anonymous_2)","decl":{"start":{"line":16,"column":0},"end":{"line":16,"column":13}},"loc":{"start":{"line":16,"column":0},"end":{"line":16,"column":13}}}},"branchMap":{},"s":{"0":0,"1":0,"2":0,"3":0,"4":0,"5":0,"6":0,"7":0,"8":0},"f":{"0":0},"b":{}}
,"/home/gerrard/workspace/tour-reservation/src/customer/customer.providers.ts": {"path":"/home/gerrard/workspace/tour-reservation/src/customer/customer.providers.ts","statementMap":{"0":{"start":{"line":2,"column":0},"end":{"line":2,"column":54}},"1":{"start":{"line":4,"column":13},"end":{"line":10,"column":2}},"2":{"start":{"line":7,"column":44},"end":{"line":7,"column":null}}},"fnMap":{"0":{"name":"(anonymous_0)","decl":{"start":{"line":7,"column":16},"end":{"line":7,"column":17}},"loc":{"start":{"line":7,"column":39},"end":{"line":7,"column":54}}}},"branchMap":{},"s":{"0":1,"1":1,"2":2},"f":{"0":2},"b":{}}
,"/home/gerrard/workspace/tour-reservation/src/customer/customer.service.ts": {"path":"/home/gerrard/workspace/tour-reservation/src/customer/customer.service.ts","statementMap":{"0":{"start":{"line":1,"column":0},"end":{"line":1,"column":52}},"1":{"start":{"line":2,"column":0},"end":{"line":2,"column":37}},"2":{"start":{"line":8,"column":0},"end":{"line":8,"column":13}},"3":{"start":{"line":11,"column":12},"end":{"line":11,"column":32}},"4":{"start":{"line":14,"column":8},"end":{"line":17,"column":null}},"5":{"start":{"line":15,"column":10},"end":{"line":15,"column":71}},"6":{"start":{"line":16,"column":11},"end":{"line":16,"column":58}},"7":{"start":{"line":16,"column":4},"end":{"line":16,"column":58}},"8":{"start":{"line":19,"column":8},"end":{"line":21,"column":null}},"9":{"start":{"line":20,"column":11},"end":{"line":20,"column":68}},"10":{"start":{"line":20,"column":4},"end":{"line":20,"column":68}},"11":{"start":{"line":23,"column":8},"end":{"line":25,"column":null}},"12":{"start":{"line":24,"column":11},"end":{"line":24,"column":71}},"13":{"start":{"line":24,"column":4},"end":{"line":24,"column":71}},"14":{"start":{"line":27,"column":8},"end":{"line":29,"column":null}},"15":{"start":{"line":28,"column":11},"end":{"line":28,"column":52}},"16":{"start":{"line":28,"column":4},"end":{"line":28,"column":52}},"17":{"start":{"line":8,"column":13},"end":{"line":30,"column":null}},"18":{"start":{"line":30,"column":0},"end":{"line":30,"column":null}},"19":{"start":{"line":8,"column":13},"end":{"line":8,"column":28}}},"fnMap":{"0":{"name":"(anonymous_17)","decl":{"start":{"line":8,"column":0},"end":{"line":8,"column":13}},"loc":{"start":{"line":8,"column":0},"end":{"line":8,"column":13}}},"1":{"name":"CustomerService","decl":{"start":{"line":9,"column":2},"end":{"line":9,"column":null}},"loc":{"start":{"line":11,"column":52},"end":{"line":12,"column":6}}},"2":{"name":"(anonymous_19)","decl":{"start":{"line":14,"column":2},"end":{"line":14,"column":8}},"loc":{"start":{"line":14,"column":51},"end":{"line":17,"column":null}}},"3":{"name":"(anonymous_22)","decl":{"start":{"line":19,"column":2},"end":{"line":19,"column":8}},"loc":{"start":{"line":19,"column":26},"end":{"line":21,"column":null}}},"4":{"name":"(anonymous_25)","decl":{"start":{"line":23,"column":2},"end":{"line":23,"column":8}},"loc":{"start":{"line":23,"column":63},"end":{"line":25,"column":null}}},"5":{"name":"(anonymous_28)","decl":{"start":{"line":27,"column":2},"end":{"line":27,"column":8}},"loc":{"start":{"line":27,"column":25},"end":{"line":29,"column":null}}}},"branchMap":{"0":{"loc":{"start":{"line":16,"column":4},"end":{"line":16,"column":58}},"type":"switch","locations":[{"start":{"line":16,"column":4},"end":{"line":16,"column":58}}]},"1":{"loc":{"start":{"line":20,"column":11},"end":{"line":20,"column":68}},"type":"switch","locations":[{"start":{"line":20,"column":11},"end":{"line":20,"column":68}},{"start":{"line":20,"column":4},"end":{"line":20,"column":68}}]},"2":{"loc":{"start":{"line":24,"column":11},"end":{"line":24,"column":71}},"type":"switch","locations":[{"start":{"line":24,"column":11},"end":{"line":24,"column":71}},{"start":{"line":24,"column":4},"end":{"line":24,"column":71}}]},"3":{"loc":{"start":{"line":28,"column":11},"end":{"line":28,"column":52}},"type":"switch","locations":[{"start":{"line":28,"column":11},"end":{"line":28,"column":52}},{"start":{"line":28,"column":4},"end":{"line":28,"column":52}}]}},"s":{"0":2,"1":2,"2":2,"3":2,"4":2,"5":1,"6":1,"7":1,"8":2,"9":0,"10":0,"11":2,"12":0,"13":0,"14":2,"15":0,"16":0,"17":2,"18":2,"19":2},"f":{"0":2,"1":2,"2":1,"3":0,"4":0,"5":0},"b":{"0":[1],"1":[0,0],"2":[0,0],"3":[0,0]}}
,"/home/gerrard/workspace/tour-reservation/src/customer/dto/create-customer.dto.ts": {"path":"/home/gerrard/workspace/tour-reservation/src/customer/dto/create-customer.dto.ts","statementMap":{"0":{"start":{"line":1,"column":0},"end":{"line":1,"column":46}},"1":{"start":{"line":3,"column":0},"end":{"line":3,"column":13}},"2":{"start":{"line":5,"column":2},"end":{"line":5,"column":null}},"3":{"start":{"line":8,"column":2},"end":{"line":8,"column":null}},"4":{"start":{"line":9,"column":0},"end":{"line":9,"column":null}},"5":{"start":{"line":3,"column":13},"end":{"line":3,"column":30}}},"fnMap":{"0":{"name":"(anonymous_2)","decl":{"start":{"line":3,"column":0},"end":{"line":3,"column":13}},"loc":{"start":{"line":3,"column":0},"end":{"line":3,"column":13}}}},"branchMap":{},"s":{"0":1,"1":1,"2":1,"3":1,"4":1,"5":1},"f":{"0":1},"b":{}}
,"/home/gerrard/workspace/tour-reservation/src/customer/dto/update-customer.dto.ts": {"path":"/home/gerrard/workspace/tour-reservation/src/customer/dto/update-customer.dto.ts","statementMap":{"0":{"start":{"line":1,"column":0},"end":{"line":1,"column":51}},"1":{"start":{"line":2,"column":0},"end":{"line":2,"column":58}},"2":{"start":{"line":4,"column":0},"end":{"line":4,"column":71}},"3":{"start":{"line":4,"column":39},"end":{"line":4,"column":50}},"4":{"start":{"line":4,"column":71},"end":{"line":4,"column":null}},"5":{"start":{"line":4,"column":13},"end":{"line":4,"column":30}}},"fnMap":{"0":{"name":"(anonymous_6)","decl":{"start":{"line":4,"column":0},"end":{"line":4,"column":13}},"loc":{"start":{"line":4,"column":0},"end":{"line":4,"column":-1}}}},"branchMap":{},"s":{"0":0,"1":0,"2":0,"3":0,"4":0,"5":0},"f":{"0":0},"b":{}}
,"/home/gerrard/workspace/tour-reservation/src/customer/entities/customer.entity.ts": {"path":"/home/gerrard/workspace/tour-reservation/src/customer/entities/customer.entity.ts","statementMap":{"0":{"start":{"line":1,"column":0},"end":{"line":1,"column":87}},"1":{"start":{"line":2,"column":0},"end":{"line":2,"column":76}},"2":{"start":{"line":5,"column":0},"end":{"line":5,"column":13}},"3":{"start":{"line":7,"column":2},"end":{"line":7,"column":null}},"4":{"start":{"line":10,"column":2},"end":{"line":10,"column":null}},"5":{"start":{"line":13,"column":2},"end":{"line":13,"column":null}},"6":{"start":{"line":12,"column":19},"end":{"line":12,"column":32}},"7":{"start":{"line":12,"column":49},"end":{"line":12,"column":70}},"8":{"start":{"line":5,"column":13},"end":{"line":14,"column":null}},"9":{"start":{"line":14,"column":0},"end":{"line":14,"column":null}},"10":{"start":{"line":5,"column":13},"end":{"line":5,"column":21}}},"fnMap":{"0":{"name":"(anonymous_2)","decl":{"start":{"line":5,"column":0},"end":{"line":5,"column":13}},"loc":{"start":{"line":5,"column":0},"end":{"line":5,"column":13}}},"1":{"name":"(anonymous_4)","decl":{"start":{"line":12,"column":13},"end":{"line":12,"column":19}},"loc":{"start":{"line":12,"column":13},"end":{"line":12,"column":30}}},"2":{"name":"(anonymous_5)","decl":{"start":{"line":12,"column":32},"end":{"line":12,"column":33}},"loc":{"start":{"line":12,"column":44},"end":{"line":12,"column":60}}}},"branchMap":{},"s":{"0":5,"1":5,"2":5,"3":5,"4":5,"5":5,"6":6,"7":6,"8":5,"9":5,"10":5},"f":{"0":12,"1":6,"2":6},"b":{}}
,"/home/gerrard/workspace/tour-reservation/src/database/database.module.ts": {"path":"/home/gerrard/workspace/tour-reservation/src/database/database.module.ts","statementMap":{"0":{"start":{"line":1,"column":0},"end":{"line":1,"column":40}},"1":{"start":{"line":2,"column":0},"end":{"line":2,"column":56}},"2":{"start":{"line":8,"column":0},"end":{"line":8,"column":13}},"3":{"start":{"line":8,"column":13},"end":{"line":8,"column":null}},"4":{"start":{"line":8,"column":29},"end":{"line":8,"column":null}},"5":{"start":{"line":8,"column":13},"end":{"line":8,"column":27}}},"fnMap":{"0":{"name":"(anonymous_2)","decl":{"start":{"line":8,"column":0},"end":{"line":8,"column":13}},"loc":{"start":{"line":8,"column":0},"end":{"line":8,"column":13}}}},"branchMap":{},"s":{"0":3,"1":3,"2":3,"3":3,"4":3,"5":3},"f":{"0":9},"b":{}}
,"/home/gerrard/workspace/tour-reservation/src/database/database.providers.ts": {"path":"/home/gerrard/workspace/tour-reservation/src/database/database.providers.ts","statementMap":{"0":{"start":{"line":1,"column":0},"end":{"line":1,"column":37}},"1":{"start":{"line":3,"column":13},"end":{"line":24,"column":2}},"2":{"start":{"line":6,"column":16},"end":{"line":22,"column":null}},"3":{"start":{"line":7,"column":12},"end":{"line":19,"column":9}},"4":{"start":{"line":21,"column":6},"end":{"line":21,"column":37}}},"fnMap":{"0":{"name":"(anonymous_13)","decl":{"start":{"line":6,"column":16},"end":{"line":6,"column":null}},"loc":{"start":{"line":6,"column":16},"end":{"line":22,"column":null}}}},"branchMap":{},"s":{"0":3,"1":3,"2":6,"3":6,"4":6},"f":{"0":12},"b":{}}
,"/home/gerrard/workspace/tour-reservation/src/entities/entities.ts": {"path":"/home/gerrard/workspace/tour-reservation/src/entities/entities.ts","statementMap":{"0":{"start":{"line":1,"column":0},"end":{"line":1,"column":9}},"1":{"start":{"line":8,"column":2},"end":{"line":1,"column":52}},"2":{"start":{"line":2,"column":0},"end":{"line":2,"column":9}},"3":{"start":{"line":7,"column":2},"end":{"line":2,"column":58}},"4":{"start":{"line":3,"column":0},"end":{"line":3,"column":9}},"5":{"start":{"line":9,"column":2},"end":{"line":3,"column":64}},"6":{"start":{"line":4,"column":0},"end":{"line":4,"column":9}},"7":{"start":{"line":10,"column":2},"end":{"line":4,"column":73}}},"fnMap":{"0":{"name":"(anonymous_0)","decl":{"start":{"line":8,"column":2},"end":{"line":8,"column":6}},"loc":{"start":{"line":8,"column":2},"end":{"line":1,"column":52}}},"1":{"name":"(anonymous_1)","decl":{"start":{"line":7,"column":2},"end":{"line":7,"column":8}},"loc":{"start":{"line":7,"column":2},"end":{"line":2,"column":58}}},"2":{"name":"(anonymous_2)","decl":{"start":{"line":9,"column":2},"end":{"line":9,"column":10}},"loc":{"start":{"line":9,"column":2},"end":{"line":3,"column":64}}},"3":{"name":"(anonymous_3)","decl":{"start":{"line":10,"column":2},"end":{"line":10,"column":13}},"loc":{"start":{"line":10,"column":2},"end":{"line":4,"column":73}}}},"branchMap":{},"s":{"0":0,"1":0,"2":0,"3":0,"4":0,"5":0,"6":0,"7":0},"f":{"0":0,"1":0,"2":0,"3":0},"b":{}}
,"/home/gerrard/workspace/tour-reservation/src/reservation/reservation.controller.ts": {"path":"/home/gerrard/workspace/tour-reservation/src/reservation/reservation.controller.ts","statementMap":{"0":{"start":{"line":1,"column":0},"end":{"line":1,"column":99}},"1":{"start":{"line":2,"column":0},"end":{"line":2,"column":59}},"2":{"start":{"line":3,"column":0},"end":{"line":3,"column":68}},"3":{"start":{"line":4,"column":0},"end":{"line":4,"column":68}},"4":{"start":{"line":5,"column":0},"end":{"line":5,"column":122}},"5":{"start":{"line":6,"column":0},"end":{"line":6,"column":59}},"6":{"start":{"line":10,"column":0},"end":{"line":10,"column":13}},"7":{"start":{"line":11,"column":31},"end":{"line":11,"column":51}},"8":{"start":{"line":36,"column":2},"end":{"line":41,"column":null}},"9":{"start":{"line":40,"column":4},"end":{"line":40,"column":84}},"10":{"start":{"line":52,"column":2},"end":{"line":54,"column":null}},"11":{"start":{"line":53,"column":4},"end":{"line":53,"column":57}},"12":{"start":{"line":77,"column":2},"end":{"line":85,"column":null}},"13":{"start":{"line":81,"column":4},"end":{"line":83,"column":null}},"14":{"start":{"line":82,"column":6},"end":{"line":82,"column":92}},"15":{"start":{"line":84,"column":4},"end":{"line":84,"column":78}},"16":{"start":{"line":10,"column":13},"end":{"line":86,"column":null}},"17":{"start":{"line":86,"column":0},"end":{"line":86,"column":null}},"18":{"start":{"line":10,"column":13},"end":{"line":10,"column":34}}},"fnMap":{"0":{"name":"(anonymous_4)","decl":{"start":{"line":10,"column":0},"end":{"line":10,"column":13}},"loc":{"start":{"line":10,"column":0},"end":{"line":10,"column":13}}},"1":{"name":"ReservationController","decl":{"start":{"line":11,"column":2},"end":{"line":11,"column":31}},"loc":{"start":{"line":11,"column":69},"end":{"line":11,"column":73}}},"2":{"name":"(anonymous_6)","decl":{"start":{"line":36,"column":2},"end":{"line":36,"column":8}},"loc":{"start":{"line":39,"column":54},"end":{"line":41,"column":3}}},"3":{"name":"(anonymous_7)","decl":{"start":{"line":52,"column":2},"end":{"line":52,"column":16}},"loc":{"start":{"line":52,"column":46},"end":{"line":54,"column":3}}},"4":{"name":"(anonymous_8)","decl":{"start":{"line":77,"column":2},"end":{"line":77,"column":15}},"loc":{"start":{"line":80,"column":54},"end":{"line":85,"column":3}}}},"branchMap":{"0":{"loc":{"start":{"line":81,"column":4},"end":{"line":83,"column":null}},"type":"if","locations":[{"start":{"line":81,"column":4},"end":{"line":83,"column":null}}]}},"s":{"0":1,"1":1,"2":1,"3":1,"4":1,"5":1,"6":1,"7":0,"8":2,"9":0,"10":2,"11":0,"12":2,"13":0,"14":0,"15":0,"16":1,"17":1,"18":1},"f":{"0":1,"1":0,"2":0,"3":0,"4":0},"b":{"0":[0]}}
,"/home/gerrard/workspace/tour-reservation/src/reservation/reservation.module.ts": {"path":"/home/gerrard/workspace/tour-reservation/src/reservation/reservation.module.ts","statementMap":{"0":{"start":{"line":1,"column":0},"end":{"line":1,"column":40}},"1":{"start":{"line":2,"column":0},"end":{"line":2,"column":59}},"2":{"start":{"line":3,"column":0},"end":{"line":3,"column":65}},"3":{"start":{"line":4,"column":0},"end":{"line":4,"column":61}},"4":{"start":{"line":5,"column":0},"end":{"line":5,"column":63}},"5":{"start":{"line":6,"column":0},"end":{"line":6,"column":55}},"6":{"start":{"line":19,"column":0},"end":{"line":19,"column":13}},"7":{"start":{"line":19,"column":13},"end":{"line":19,"column":null}},"8":{"start":{"line":19,"column":32},"end":{"line":19,"column":null}},"9":{"start":{"line":19,"column":13},"end":{"line":19,"column":30}}},"fnMap":{"0":{"name":"(anonymous_2)","decl":{"start":{"line":19,"column":0},"end":{"line":19,"column":13}},"loc":{"start":{"line":19,"column":0},"end":{"line":19,"column":13}}}},"branchMap":{},"s":{"0":0,"1":0,"2":0,"3":0,"4":0,"5":0,"6":0,"7":0,"8":0,"9":0},"f":{"0":0},"b":{}}
,"/home/gerrard/workspace/tour-reservation/src/reservation/reservation.providers.ts": {"path":"/home/gerrard/workspace/tour-reservation/src/reservation/reservation.providers.ts","statementMap":{"0":{"start":{"line":2,"column":0},"end":{"line":2,"column":60}},"1":{"start":{"line":4,"column":13},"end":{"line":10,"column":2}},"2":{"start":{"line":7,"column":44},"end":{"line":7,"column":null}}},"fnMap":{"0":{"name":"(anonymous_0)","decl":{"start":{"line":7,"column":16},"end":{"line":7,"column":17}},"loc":{"start":{"line":7,"column":39},"end":{"line":7,"column":54}}}},"branchMap":{},"s":{"0":1,"1":1,"2":2},"f":{"0":2},"b":{}}
,"/home/gerrard/workspace/tour-reservation/src/reservation/reservation.service.ts": {"path":"/home/gerrard/workspace/tour-reservation/src/reservation/reservation.service.ts","statementMap":{"0":{"start":{"line":1,"column":0},"end":{"line":1,"column":79}},"1":{"start":{"line":2,"column":0},"end":{"line":2,"column":49}},"2":{"start":{"line":5,"column":0},"end":{"line":5,"column":78}},"3":{"start":{"line":6,"column":0},"end":{"line":6,"column":52}},"4":{"start":{"line":7,"column":0},"end":{"line":7,"column":64}},"5":{"start":{"line":10,"column":0},"end":{"line":10,"column":13}},"6":{"start":{"line":13,"column":12},"end":{"line":13,"column":35}},"7":{"start":{"line":15,"column":12},"end":{"line":15,"column":28}},"8":{"start":{"line":17,"column":12},"end":{"line":17,"column":24}},"9":{"start":{"line":20,"column":8},"end":{"line":97,"column":null}},"10":{"start":{"line":22,"column":23},"end":{"line":25,"column":null}},"11":{"start":{"line":22,"column":10},"end":{"line":25,"column":null}},"12":{"start":{"line":26,"column":4},"end":{"line":28,"column":null}},"13":{"start":{"line":27,"column":6},"end":{"line":27,"column":74}},"14":{"start":{"line":30,"column":4},"end":{"line":30,"column":45}},"15":{"start":{"line":31,"column":4},"end":{"line":31,"column":47}},"16":{"start":{"line":34,"column":10},"end":{"line":34,"column":58}},"17":{"start":{"line":35,"column":10},"end":{"line":35,"column":110}},"18":{"start":{"line":36,"column":4},"end":{"line":39,"column":null}},"19":{"start":{"line":38,"column":6},"end":{"line":38,"column":72}},"20":{"start":{"line":40,"column":4},"end":{"line":40,"column":41}},"21":{"start":{"line":44,"column":4},"end":{"line":81,"column":7}},"22":{"start":{"line":44,"column":71},"end":{"line":81,"column":6}},"23":{"start":{"line":45,"column":12},"end":{"line":45,"column":76}},"24":{"start":{"line":46,"column":12},"end":{"line":46,"column":90}},"25":{"start":{"line":49,"column":20},"end":{"line":63,"column":null}},"26":{"start":{"line":49,"column":12},"end":{"line":63,"column":null}},"27":{"start":{"line":65,"column":10},"end":{"line":65,"column":27}},"28":{"start":{"line":66,"column":6},"end":{"line":68,"column":null}},"29":{"start":{"line":66,"column":10},"end":{"line":66,"column":24}},"30":{"start":{"line":67,"column":8},"end":{"line":67,"column":55}},"31":{"start":{"line":71,"column":6},"end":{"line":76,"column":null}},"32":{"start":{"line":72,"column":8},"end":{"line":72,"column":62}},"33":{"start":{"line":75,"column":8},"end":{"line":75,"column":62}},"34":{"start":{"line":79,"column":6},"end":{"line":79,"column":71}},"35":{"start":{"line":80,"column":21},"end":{"line":80,"column":69}},"36":{"start":{"line":80,"column":6},"end":{"line":80,"column":69}},"37":{"start":{"line":82,"column":4},"end":{"line":84,"column":null}},"38":{"start":{"line":83,"column":6},"end":{"line":83,"column":93}},"39":{"start":{"line":87,"column":6},"end":{"line":88,"column":94}},"40":{"start":{"line":89,"column":6},"end":{"line":90,"column":86}},"41":{"start":{"line":93,"column":6},"end":{"line":93,"column":86}},"42":{"start":{"line":96,"column":4},"end":{"line":96,"column":23}},"43":{"start":{"line":99,"column":8},"end":{"line":101,"column":null}},"44":{"start":{"line":100,"column":11},"end":{"line":100,"column":70}},"45":{"start":{"line":100,"column":4},"end":{"line":100,"column":70}},"46":{"start":{"line":103,"column":8},"end":{"line":105,"column":null}},"47":{"start":{"line":104,"column":4},"end":{"line":104,"column":59}},"48":{"start":{"line":107,"column":8},"end":{"line":111,"column":null}},"49":{"start":{"line":109,"column":4},"end":{"line":109,"column":57}},"50":{"start":{"line":110,"column":11},"end":{"line":110,"column":84}},"51":{"start":{"line":110,"column":4},"end":{"line":110,"column":84}},"52":{"start":{"line":113,"column":8},"end":{"line":123,"column":null}},"53":{"start":{"line":114,"column":24},"end":{"line":114,"column":null}},"54":{"start":{"line":114,"column":10},"end":{"line":114,"column":null}},"55":{"start":{"line":115,"column":4},"end":{"line":117,"column":null}},"56":{"start":{"line":116,"column":6},"end":{"line":116,"column":82}},"57":{"start":{"line":119,"column":4},"end":{"line":121,"column":null}},"58":{"start":{"line":120,"column":6},"end":{"line":120,"column":82}},"59":{"start":{"line":122,"column":11},"end":{"line":122,"column":65}},"60":{"start":{"line":122,"column":4},"end":{"line":122,"column":65}},"61":{"start":{"line":125,"column":8},"end":{"line":127,"column":null}},"62":{"start":{"line":126,"column":11},"end":{"line":126,"column":55}},"63":{"start":{"line":126,"column":4},"end":{"line":126,"column":55}},"64":{"start":{"line":10,"column":13},"end":{"line":128,"column":null}},"65":{"start":{"line":128,"column":0},"end":{"line":128,"column":null}},"66":{"start":{"line":10,"column":13},"end":{"line":10,"column":31}}},"fnMap":{"0":{"name":"(anonymous_17)","decl":{"start":{"line":10,"column":0},"end":{"line":10,"column":13}},"loc":{"start":{"line":10,"column":0},"end":{"line":10,"column":13}}},"1":{"name":"ReservationService","decl":{"start":{"line":11,"column":2},"end":{"line":11,"column":null}},"loc":{"start":{"line":17,"column":34},"end":{"line":18,"column":6}}},"2":{"name":"(anonymous_19)","decl":{"start":{"line":20,"column":2},"end":{"line":20,"column":8}},"loc":{"start":{"line":20,"column":93},"end":{"line":97,"column":null}}},"3":{"name":"(anonymous_22)","decl":{"start":{"line":44,"column":38},"end":{"line":44,"column":45}},"loc":{"start":{"line":44,"column":71},"end":{"line":81,"column":6}}},"4":{"name":"(anonymous_23)","decl":{"start":{"line":44,"column":71},"end":{"line":44,"column":null}},"loc":{"start":{"line":44,"column":71},"end":{"line":81,"column":6}}},"5":{"name":"(anonymous_25)","decl":{"start":{"line":99,"column":2},"end":{"line":99,"column":8}},"loc":{"start":{"line":99,"column":26},"end":{"line":101,"column":null}}},"6":{"name":"(anonymous_28)","decl":{"start":{"line":103,"column":2},"end":{"line":103,"column":8}},"loc":{"start":{"line":103,"column":36},"end":{"line":105,"column":null}}},"7":{"name":"(anonymous_31)","decl":{"start":{"line":107,"column":2},"end":{"line":107,"column":8}},"loc":{"start":{"line":107,"column":79},"end":{"line":111,"column":null}}},"8":{"name":"(anonymous_34)","decl":{"start":{"line":113,"column":2},"end":{"line":113,"column":8}},"loc":{"start":{"line":113,"column":91},"end":{"line":123,"column":null}}},"9":{"name":"(anonymous_37)","decl":{"start":{"line":125,"column":2},"end":{"line":125,"column":8}},"loc":{"start":{"line":125,"column":25},"end":{"line":127,"column":null}}}},"branchMap":{"0":{"loc":{"start":{"line":22,"column":23},"end":{"line":25,"column":null}},"type":"switch","locations":[{"start":{"line":22,"column":23},"end":{"line":25,"column":null}},{"start":{"line":96,"column":4},"end":{"line":96,"column":23}}]},"1":{"loc":{"start":{"line":26,"column":4},"end":{"line":28,"column":null}},"type":"if","locations":[{"start":{"line":26,"column":4},"end":{"line":28,"column":null}}]},"2":{"loc":{"start":{"line":30,"column":19},"end":{"line":30,"column":44}},"type":"cond-expr","locations":[{"start":{"line":30,"column":31},"end":{"line":30,"column":33}},{"start":{"line":30,"column":31},"end":{"line":30,"column":44}}]},"3":{"loc":{"start":{"line":30,"column":19},"end":{"line":30,"column":33}},"type":"binary-expr","locations":[{"start":{"line":30,"column":19},"end":{"line":30,"column":33}},{"start":{"line":30,"column":31},"end":{"line":30,"column":33}}]},"4":{"loc":{"start":{"line":31,"column":20},"end":{"line":31,"column":46}},"type":"cond-expr","locations":[{"start":{"line":31,"column":33},"end":{"line":31,"column":35}},{"start":{"line":31,"column":33},"end":{"line":31,"column":46}}]},"5":{"loc":{"start":{"line":31,"column":20},"end":{"line":31,"column":35}},"type":"binary-expr","locations":[{"start":{"line":31,"column":20},"end":{"line":31,"column":35}},{"start":{"line":31,"column":33},"end":{"line":31,"column":35}}]},"6":{"loc":{"start":{"line":36,"column":4},"end":{"line":39,"column":null}},"type":"if","locations":[{"start":{"line":36,"column":4},"end":{"line":39,"column":null}}]},"7":{"loc":{"start":{"line":36,"column":7},"end":{"line":37,"column":54}},"type":"binary-expr","locations":[{"start":{"line":36,"column":7},"end":{"line":36,"column":50}},{"start":{"line":37,"column":9},"end":{"line":37,"column":54}}]},"8":{"loc":{"start":{"line":67,"column":24},"end":{"line":67,"column":54}},"type":"cond-expr","locations":[{"start":{"line":67,"column":49},"end":{"line":67,"column":53}},{"start":{"line":67,"column":53},"end":{"line":67,"column":54}}]},"9":{"loc":{"start":{"line":67,"column":24},"end":{"line":67,"column":53}},"type":"binary-expr","locations":[{"start":{"line":67,"column":24},"end":{"line":67,"column":53}},{"start":{"line":67,"column":49},"end":{"line":67,"column":53}}]},"10":{"loc":{"start":{"line":67,"column":24},"end":{"line":67,"column":49}},"type":"cond-expr","locations":[{"start":{"line":67,"column":41},"end":{"line":67,"column":43}},{"start":{"line":67,"column":41},"end":{"line":67,"column":49}}]},"11":{"loc":{"start":{"line":67,"column":24},"end":{"line":67,"column":43}},"type":"binary-expr","locations":[{"start":{"line":67,"column":24},"end":{"line":67,"column":43}},{"start":{"line":67,"column":41},"end":{"line":67,"column":43}}]},"12":{"loc":{"start":{"line":71,"column":6},"end":{"line":76,"column":null}},"type":"if","locations":[{"start":{"line":71,"column":6},"end":{"line":76,"column":null}},{"start":{"line":74,"column":11},"end":{"line":76,"column":null}}]},"13":{"loc":{"start":{"line":82,"column":4},"end":{"line":84,"column":null}},"type":"if","locations":[{"start":{"line":82,"column":4},"end":{"line":84,"column":null}}]},"14":{"loc":{"start":{"line":82,"column":7},"end":{"line":82,"column":76}},"type":"binary-expr","locations":[{"start":{"line":82,"column":7},"end":{"line":82,"column":19}},{"start":{"line":82,"column":23},"end":{"line":82,"column":36}},{"start":{"line":82,"column":40},"end":{"line":82,"column":76}}]},"15":{"loc":{"start":{"line":100,"column":11},"end":{"line":100,"column":70}},"type":"switch","locations":[{"start":{"line":100,"column":11},"end":{"line":100,"column":70}},{"start":{"line":100,"column":4},"end":{"line":100,"column":70}}]},"16":{"loc":{"start":{"line":110,"column":4},"end":{"line":110,"column":84}},"type":"switch","locations":[{"start":{"line":110,"column":4},"end":{"line":110,"column":84}}]},"17":{"loc":{"start":{"line":114,"column":24},"end":{"line":114,"column":null}},"type":"switch","locations":[{"start":{"line":114,"column":24},"end":{"line":114,"column":null}},{"start":{"line":122,"column":4},"end":{"line":122,"column":65}}]},"18":{"loc":{"start":{"line":115,"column":4},"end":{"line":117,"column":null}},"type":"if","locations":[{"start":{"line":115,"column":4},"end":{"line":117,"column":null}}]},"19":{"loc":{"start":{"line":119,"column":4},"end":{"line":121,"column":null}},"type":"if","locations":[{"start":{"line":119,"column":4},"end":{"line":121,"column":null}}]},"20":{"loc":{"start":{"line":126,"column":11},"end":{"line":126,"column":55}},"type":"switch","locations":[{"start":{"line":126,"column":11},"end":{"line":126,"column":55}},{"start":{"line":126,"column":4},"end":{"line":126,"column":55}}]}},"s":{"0":2,"1":2,"2":2,"3":2,"4":2,"5":2,"6":2,"7":2,"8":2,"9":2,"10":1,"11":1,"12":1,"13":0,"14":1,"15":1,"16":1,"17":1,"18":1,"19":0,"20":1,"21":2,"22":1,"23":1,"24":1,"25":1,"26":1,"27":1,"28":1,"29":1,"30":1,"31":1,"32":0,"33":1,"34":1,"35":1,"36":1,"37":1,"38":0,"39":2,"40":2,"41":0,"42":1,"43":2,"44":1,"45":1,"46":2,"47":2,"48":2,"49":1,"50":1,"51":1,"52":2,"53":0,"54":0,"55":0,"56":0,"57":0,"58":0,"59":0,"60":0,"61":2,"62":1,"63":1,"64":2,"65":2,"66":2},"f":{"0":2,"1":2,"2":1,"3":1,"4":1,"5":1,"6":2,"7":1,"8":0,"9":1},"b":{"0":[1,1],"1":[0],"2":[0,1],"3":[1,1],"4":[0,1],"5":[1,1],"6":[0],"7":[1,1],"8":[1,0],"9":[1,1],"10":[0,1],"11":[1,1],"12":[0,1],"13":[0],"14":[1,1,1],"15":[1,1],"16":[1],"17":[0,0],"18":[0],"19":[0],"20":[1,1]}}
,"/home/gerrard/workspace/tour-reservation/src/reservation/dto/create-reservation.dto.ts": {"path":"/home/gerrard/workspace/tour-reservation/src/reservation/dto/create-reservation.dto.ts","statementMap":{"0":{"start":{"line":1,"column":0},"end":{"line":1,"column":46}},"1":{"start":{"line":4,"column":0},"end":{"line":4,"column":13}},"2":{"start":{"line":13,"column":2},"end":{"line":13,"column":null}},"3":{"start":{"line":14,"column":0},"end":{"line":14,"column":null}},"4":{"start":{"line":4,"column":13},"end":{"line":4,"column":33}}},"fnMap":{"0":{"name":"(anonymous_2)","decl":{"start":{"line":4,"column":0},"end":{"line":4,"column":13}},"loc":{"start":{"line":4,"column":0},"end":{"line":4,"column":13}}}},"branchMap":{},"s":{"0":1,"1":1,"2":1,"3":1,"4":1},"f":{"0":1},"b":{}}
,"/home/gerrard/workspace/tour-reservation/src/reservation/dto/update-reservation.dto.ts": {"path":"/home/gerrard/workspace/tour-reservation/src/reservation/dto/update-reservation.dto.ts","statementMap":{"0":{"start":{"line":2,"column":0},"end":{"line":2,"column":66}},"1":{"start":{"line":3,"column":0},"end":{"line":3,"column":46}},"2":{"start":{"line":5,"column":0},"end":{"line":5,"column":13}},"3":{"start":{"line":12,"column":2},"end":{"line":12,"column":null}},"4":{"start":{"line":13,"column":0},"end":{"line":13,"column":null}},"5":{"start":{"line":5,"column":13},"end":{"line":5,"column":33}}},"fnMap":{"0":{"name":"(anonymous_2)","decl":{"start":{"line":5,"column":0},"end":{"line":5,"column":13}},"loc":{"start":{"line":5,"column":0},"end":{"line":5,"column":13}}}},"branchMap":{},"s":{"0":1,"1":1,"2":1,"3":1,"4":1,"5":1},"f":{"0":1},"b":{}}
,"/home/gerrard/workspace/tour-reservation/src/reservation/entities/reservation.entity.ts": {"path":"/home/gerrard/workspace/tour-reservation/src/reservation/entities/reservation.entity.ts","statementMap":{"0":{"start":{"line":1,"column":0},"end":{"line":1,"column":94}},"1":{"start":{"line":2,"column":0},"end":{"line":2,"column":67}},"2":{"start":{"line":3,"column":0},"end":{"line":3,"column":55}},"3":{"start":{"line":5,"column":0},"end":{"line":5,"column":null}},"4":{"start":{"line":6,"column":2},"end":{"line":6,"column":null}},"5":{"start":{"line":7,"column":2},"end":{"line":7,"column":null}},"6":{"start":{"line":8,"column":2},"end":{"line":8,"column":null}},"7":{"start":{"line":12,"column":0},"end":{"line":12,"column":13}},"8":{"start":{"line":14,"column":2},"end":{"line":14,"column":null}},"9":{"start":{"line":19,"column":2},"end":{"line":19,"column":null}},"10":{"start":{"line":22,"column":2},"end":{"line":22,"column":null}},"11":{"start":{"line":28,"column":2},"end":{"line":28,"column":null}},"12":{"start":{"line":31,"column":2},"end":{"line":31,"column":null}},"13":{"start":{"line":30,"column":19},"end":{"line":30,"column":29}},"14":{"start":{"line":30,"column":43},"end":{"line":30,"column":65}},"15":{"start":{"line":34,"column":2},"end":{"line":34,"column":null}},"16":{"start":{"line":33,"column":19},"end":{"line":33,"column":25}},"17":{"start":{"line":33,"column":35},"end":{"line":33,"column":53}},"18":{"start":{"line":12,"column":13},"end":{"line":35,"column":null}},"19":{"start":{"line":35,"column":0},"end":{"line":35,"column":null}},"20":{"start":{"line":12,"column":13},"end":{"line":12,"column":24}}},"fnMap":{"0":{"name":"(anonymous_2)","decl":{"start":{"line":5,"column":0},"end":{"line":5,"column":12}},"loc":{"start":{"line":5,"column":28},"end":{"line":9,"column":1}}},"1":{"name":"(anonymous_3)","decl":{"start":{"line":12,"column":0},"end":{"line":12,"column":13}},"loc":{"start":{"line":12,"column":0},"end":{"line":12,"column":13}}},"2":{"name":"(anonymous_5)","decl":{"start":{"line":30,"column":13},"end":{"line":30,"column":19}},"loc":{"start":{"line":30,"column":13},"end":{"line":30,"column":27}}},"3":{"name":"(anonymous_6)","decl":{"start":{"line":30,"column":29},"end":{"line":30,"column":30}},"loc":{"start":{"line":30,"column":38},"end":{"line":30,"column":51}}},"4":{"name":"(anonymous_7)","decl":{"start":{"line":33,"column":13},"end":{"line":33,"column":19}},"loc":{"start":{"line":33,"column":13},"end":{"line":33,"column":23}}},"5":{"name":"(anonymous_8)","decl":{"start":{"line":33,"column":25},"end":{"line":33,"column":26}},"loc":{"start":{"line":33,"column":30},"end":{"line":33,"column":39}}}},"branchMap":{"0":{"loc":{"start":{"line":5,"column":12},"end":{"line":5,"column":null}},"type":"binary-expr","locations":[{"start":{"line":5,"column":12},"end":{"line":5,"column":28}},{"start":{"line":5,"column":12},"end":{"line":5,"column":null}}]}},"s":{"0":5,"1":5,"2":5,"3":5,"4":5,"5":5,"6":5,"7":5,"8":5,"9":5,"10":5,"11":5,"12":5,"13":6,"14":6,"15":5,"16":6,"17":6,"18":5,"19":5,"20":5},"f":{"0":5,"1":18,"2":6,"3":6,"4":6,"5":6},"b":{"0":[5,5]}}
,"/home/gerrard/workspace/tour-reservation/src/seller/seller.controller.ts": {"path":"/home/gerrard/workspace/tour-reservation/src/seller/seller.controller.ts","statementMap":{"0":{"start":{"line":1,"column":0},"end":{"line":1,"column":70}},"1":{"start":{"line":2,"column":0},"end":{"line":2,"column":49}},"2":{"start":{"line":3,"column":0},"end":{"line":3,"column":58}},"3":{"start":{"line":5,"column":0},"end":{"line":5,"column":91}},"4":{"start":{"line":9,"column":0},"end":{"line":9,"column":13}},"5":{"start":{"line":10,"column":31},"end":{"line":10,"column":46}},"6":{"start":{"line":23,"column":2},"end":{"line":25,"column":null}},"7":{"start":{"line":24,"column":4},"end":{"line":24,"column":54}},"8":{"start":{"line":9,"column":13},"end":{"line":26,"column":null}},"9":{"start":{"line":26,"column":0},"end":{"line":26,"column":null}},"10":{"start":{"line":9,"column":13},"end":{"line":9,"column":29}}},"fnMap":{"0":{"name":"(anonymous_4)","decl":{"start":{"line":9,"column":0},"end":{"line":9,"column":13}},"loc":{"start":{"line":9,"column":0},"end":{"line":9,"column":13}}},"1":{"name":"SellerController","decl":{"start":{"line":10,"column":2},"end":{"line":10,"column":31}},"loc":{"start":{"line":10,"column":59},"end":{"line":10,"column":63}}},"2":{"name":"(anonymous_6)","decl":{"start":{"line":23,"column":2},"end":{"line":23,"column":8}},"loc":{"start":{"line":23,"column":49},"end":{"line":25,"column":3}}}},"branchMap":{},"s":{"0":1,"1":1,"2":1,"3":1,"4":1,"5":0,"6":2,"7":0,"8":1,"9":1,"10":1},"f":{"0":1,"1":0,"2":0},"b":{}}
,"/home/gerrard/workspace/tour-reservation/src/seller/seller.module.ts": {"path":"/home/gerrard/workspace/tour-reservation/src/seller/seller.module.ts","statementMap":{"0":{"start":{"line":1,"column":0},"end":{"line":1,"column":40}},"1":{"start":{"line":2,"column":0},"end":{"line":2,"column":49}},"2":{"start":{"line":3,"column":0},"end":{"line":3,"column":55}},"3":{"start":{"line":4,"column":0},"end":{"line":4,"column":61}},"4":{"start":{"line":5,"column":0},"end":{"line":5,"column":53}},"5":{"start":{"line":15,"column":0},"end":{"line":15,"column":13}},"6":{"start":{"line":15,"column":13},"end":{"line":15,"column":null}},"7":{"start":{"line":15,"column":27},"end":{"line":15,"column":null}},"8":{"start":{"line":15,"column":13},"end":{"line":15,"column":25}}},"fnMap":{"0":{"name":"(anonymous_2)","decl":{"start":{"line":15,"column":0},"end":{"line":15,"column":13}},"loc":{"start":{"line":15,"column":0},"end":{"line":15,"column":13}}}},"branchMap":{},"s":{"0":0,"1":0,"2":0,"3":0,"4":0,"5":0,"6":0,"7":0,"8":0},"f":{"0":0},"b":{}}
,"/home/gerrard/workspace/tour-reservation/src/seller/seller.providers.ts": {"path":"/home/gerrard/workspace/tour-reservation/src/seller/seller.providers.ts","statementMap":{"0":{"start":{"line":2,"column":0},"end":{"line":2,"column":50}},"1":{"start":{"line":4,"column":13},"end":{"line":10,"column":2}},"2":{"start":{"line":7,"column":44},"end":{"line":7,"column":null}}},"fnMap":{"0":{"name":"(anonymous_0)","decl":{"start":{"line":7,"column":16},"end":{"line":7,"column":17}},"loc":{"start":{"line":7,"column":39},"end":{"line":7,"column":54}}}},"branchMap":{},"s":{"0":1,"1":1,"2":2},"f":{"0":2},"b":{}}
,"/home/gerrard/workspace/tour-reservation/src/seller/seller.service.ts": {"path":"/home/gerrard/workspace/tour-reservation/src/seller/seller.service.ts","statementMap":{"0":{"start":{"line":1,"column":0},"end":{"line":1,"column":52}},"1":{"start":{"line":2,"column":0},"end":{"line":2,"column":37}},"2":{"start":{"line":8,"column":0},"end":{"line":8,"column":13}},"3":{"start":{"line":11,"column":12},"end":{"line":11,"column":30}},"4":{"start":{"line":14,"column":8},"end":{"line":17,"column":null}},"5":{"start":{"line":15,"column":10},"end":{"line":15,"column":65}},"6":{"start":{"line":16,"column":11},"end":{"line":16,"column":54}},"7":{"start":{"line":16,"column":4},"end":{"line":16,"column":54}},"8":{"start":{"line":19,"column":8},"end":{"line":21,"column":null}},"9":{"start":{"line":20,"column":11},"end":{"line":20,"column":65}},"10":{"start":{"line":20,"column":4},"end":{"line":20,"column":65}},"11":{"start":{"line":23,"column":8},"end":{"line":25,"column":null}},"12":{"start":{"line":24,"column":11},"end":{"line":24,"column":67}},"13":{"start":{"line":24,"column":4},"end":{"line":24,"column":67}},"14":{"start":{"line":27,"column":8},"end":{"line":29,"column":null}},"15":{"start":{"line":28,"column":11},"end":{"line":28,"column":50}},"16":{"start":{"line":28,"column":4},"end":{"line":28,"column":50}},"17":{"start":{"line":8,"column":13},"end":{"line":30,"column":null}},"18":{"start":{"line":30,"column":0},"end":{"line":30,"column":null}},"19":{"start":{"line":8,"column":13},"end":{"line":8,"column":26}}},"fnMap":{"0":{"name":"(anonymous_17)","decl":{"start":{"line":8,"column":0},"end":{"line":8,"column":13}},"loc":{"start":{"line":8,"column":0},"end":{"line":8,"column":13}}},"1":{"name":"SellerService","decl":{"start":{"line":9,"column":2},"end":{"line":9,"column":null}},"loc":{"start":{"line":11,"column":48},"end":{"line":12,"column":6}}},"2":{"name":"(anonymous_19)","decl":{"start":{"line":14,"column":2},"end":{"line":14,"column":8}},"loc":{"start":{"line":14,"column":47},"end":{"line":17,"column":null}}},"3":{"name":"(anonymous_22)","decl":{"start":{"line":19,"column":2},"end":{"line":19,"column":8}},"loc":{"start":{"line":19,"column":26},"end":{"line":21,"column":null}}},"4":{"name":"(anonymous_25)","decl":{"start":{"line":23,"column":2},"end":{"line":23,"column":8}},"loc":{"start":{"line":23,"column":59},"end":{"line":25,"column":null}}},"5":{"name":"(anonymous_28)","decl":{"start":{"line":27,"column":2},"end":{"line":27,"column":8}},"loc":{"start":{"line":27,"column":25},"end":{"line":29,"column":null}}}},"branchMap":{"0":{"loc":{"start":{"line":16,"column":4},"end":{"line":16,"column":54}},"type":"switch","locations":[{"start":{"line":16,"column":4},"end":{"line":16,"column":54}}]},"1":{"loc":{"start":{"line":20,"column":11},"end":{"line":20,"column":65}},"type":"switch","locations":[{"start":{"line":20,"column":11},"end":{"line":20,"column":65}},{"start":{"line":20,"column":4},"end":{"line":20,"column":65}}]},"2":{"loc":{"start":{"line":24,"column":11},"end":{"line":24,"column":67}},"type":"switch","locations":[{"start":{"line":24,"column":11},"end":{"line":24,"column":67}},{"start":{"line":24,"column":4},"end":{"line":24,"column":67}}]},"3":{"loc":{"start":{"line":28,"column":11},"end":{"line":28,"column":50}},"type":"switch","locations":[{"start":{"line":28,"column":11},"end":{"line":28,"column":50}},{"start":{"line":28,"column":4},"end":{"line":28,"column":50}}]}},"s":{"0":2,"1":2,"2":2,"3":2,"4":2,"5":1,"6":1,"7":1,"8":2,"9":3,"10":3,"11":2,"12":1,"13":1,"14":2,"15":1,"16":1,"17":2,"18":2,"19":2},"f":{"0":2,"1":2,"2":1,"3":3,"4":1,"5":1},"b":{"0":[1],"1":[3,3],"2":[1,1],"3":[1,1]}}
,"/home/gerrard/workspace/tour-reservation/src/seller/dto/create-seller.dto.ts": {"path":"/home/gerrard/workspace/tour-reservation/src/seller/dto/create-seller.dto.ts","statementMap":{"0":{"start":{"line":1,"column":0},"end":{"line":1,"column":46}},"1":{"start":{"line":3,"column":0},"end":{"line":3,"column":13}},"2":{"start":{"line":5,"column":2},"end":{"line":5,"column":null}},"3":{"start":{"line":8,"column":2},"end":{"line":8,"column":null}},"4":{"start":{"line":9,"column":0},"end":{"line":9,"column":null}},"5":{"start":{"line":3,"column":13},"end":{"line":3,"column":28}}},"fnMap":{"0":{"name":"(anonymous_2)","decl":{"start":{"line":3,"column":0},"end":{"line":3,"column":13}},"loc":{"start":{"line":3,"column":0},"end":{"line":3,"column":13}}}},"branchMap":{},"s":{"0":1,"1":1,"2":1,"3":1,"4":1,"5":1},"f":{"0":1},"b":{}}
,"/home/gerrard/workspace/tour-reservation/src/seller/dto/update-seller.dto.ts": {"path":"/home/gerrard/workspace/tour-reservation/src/seller/dto/update-seller.dto.ts","statementMap":{"0":{"start":{"line":1,"column":0},"end":{"line":1,"column":51}},"1":{"start":{"line":2,"column":0},"end":{"line":2,"column":54}},"2":{"start":{"line":4,"column":0},"end":{"line":4,"column":67}},"3":{"start":{"line":4,"column":37},"end":{"line":4,"column":48}},"4":{"start":{"line":4,"column":67},"end":{"line":4,"column":null}},"5":{"start":{"line":4,"column":13},"end":{"line":4,"column":28}}},"fnMap":{"0":{"name":"(anonymous_6)","decl":{"start":{"line":4,"column":0},"end":{"line":4,"column":13}},"loc":{"start":{"line":4,"column":0},"end":{"line":4,"column":-1}}}},"branchMap":{},"s":{"0":0,"1":0,"2":0,"3":0,"4":0,"5":0},"f":{"0":0},"b":{}}
,"/home/gerrard/workspace/tour-reservation/src/seller/entities/seller.entity.ts": {"path":"/home/gerrard/workspace/tour-reservation/src/seller/entities/seller.entity.ts","statementMap":{"0":{"start":{"line":1,"column":0},"end":{"line":1,"column":77}},"1":{"start":{"line":2,"column":0},"end":{"line":2,"column":55}},"2":{"start":{"line":5,"column":0},"end":{"line":5,"column":13}},"3":{"start":{"line":7,"column":2},"end":{"line":7,"column":null}},"4":{"start":{"line":10,"column":2},"end":{"line":10,"column":null}},"5":{"start":{"line":13,"column":2},"end":{"line":13,"column":null}},"6":{"start":{"line":12,"column":19},"end":{"line":12,"column":25}},"7":{"start":{"line":12,"column":35},"end":{"line":12,"column":47}},"8":{"start":{"line":5,"column":13},"end":{"line":14,"column":null}},"9":{"start":{"line":14,"column":0},"end":{"line":14,"column":null}},"10":{"start":{"line":5,"column":13},"end":{"line":5,"column":19}}},"fnMap":{"0":{"name":"(anonymous_2)","decl":{"start":{"line":5,"column":0},"end":{"line":5,"column":13}},"loc":{"start":{"line":5,"column":0},"end":{"line":5,"column":13}}},"1":{"name":"(anonymous_4)","decl":{"start":{"line":12,"column":13},"end":{"line":12,"column":19}},"loc":{"start":{"line":12,"column":13},"end":{"line":12,"column":23}}},"2":{"name":"(anonymous_5)","decl":{"start":{"line":12,"column":25},"end":{"line":12,"column":26}},"loc":{"start":{"line":12,"column":30},"end":{"line":12,"column":39}}}},"branchMap":{},"s":{"0":5,"1":5,"2":5,"3":5,"4":5,"5":5,"6":6,"7":6,"8":5,"9":5,"10":5},"f":{"0":16,"1":6,"2":6},"b":{}}
,"/home/gerrard/workspace/tour-reservation/src/tour/tour.controller.ts": {"path":"/home/gerrard/workspace/tour-reservation/src/tour/tour.controller.ts","statementMap":{"0":{"start":{"line":1,"column":0},"end":{"line":1,"column":91}},"1":{"start":{"line":2,"column":0},"end":{"line":2,"column":45}},"2":{"start":{"line":3,"column":0},"end":{"line":3,"column":54}},"3":{"start":{"line":4,"column":0},"end":{"line":4,"column":54}},"4":{"start":{"line":5,"column":0},"end":{"line":5,"column":122}},"5":{"start":{"line":9,"column":0},"end":{"line":9,"column":13}},"6":{"start":{"line":10,"column":31},"end":{"line":10,"column":44}},"7":{"start":{"line":30,"column":2},"end":{"line":32,"column":null}},"8":{"start":{"line":31,"column":4},"end":{"line":31,"column":61}},"9":{"start":{"line":46,"column":2},"end":{"line":48,"column":null}},"10":{"start":{"line":47,"column":4},"end":{"line":47,"column":81}},"11":{"start":{"line":65,"column":2},"end":{"line":67,"column":null}},"12":{"start":{"line":66,"column":4},"end":{"line":66,"column":55}},"13":{"start":{"line":9,"column":13},"end":{"line":68,"column":null}},"14":{"start":{"line":68,"column":0},"end":{"line":68,"column":null}},"15":{"start":{"line":9,"column":13},"end":{"line":9,"column":27}}},"fnMap":{"0":{"name":"(anonymous_4)","decl":{"start":{"line":9,"column":0},"end":{"line":9,"column":13}},"loc":{"start":{"line":9,"column":0},"end":{"line":9,"column":13}}},"1":{"name":"TourController","decl":{"start":{"line":10,"column":2},"end":{"line":10,"column":31}},"loc":{"start":{"line":10,"column":55},"end":{"line":10,"column":59}}},"2":{"name":"(anonymous_6)","decl":{"start":{"line":30,"column":2},"end":{"line":30,"column":8}},"loc":{"start":{"line":30,"column":85},"end":{"line":32,"column":3}}},"3":{"name":"(anonymous_7)","decl":{"start":{"line":46,"column":2},"end":{"line":46,"column":28}},"loc":{"start":{"line":46,"column":92},"end":{"line":48,"column":3}}},"4":{"name":"(anonymous_8)","decl":{"start":{"line":65,"column":2},"end":{"line":65,"column":8}},"loc":{"start":{"line":65,"column":70},"end":{"line":67,"column":3}}}},"branchMap":{},"s":{"0":1,"1":1,"2":1,"3":1,"4":1,"5":1,"6":0,"7":2,"8":0,"9":2,"10":0,"11":2,"12":0,"13":1,"14":1,"15":1},"f":{"0":1,"1":0,"2":0,"3":0,"4":0},"b":{}}
,"/home/gerrard/workspace/tour-reservation/src/tour/tour.module.ts": {"path":"/home/gerrard/workspace/tour-reservation/src/tour/tour.module.ts","statementMap":{"0":{"start":{"line":1,"column":0},"end":{"line":1,"column":40}},"1":{"start":{"line":2,"column":0},"end":{"line":2,"column":45}},"2":{"start":{"line":3,"column":0},"end":{"line":3,"column":51}},"3":{"start":{"line":4,"column":0},"end":{"line":4,"column":61}},"4":{"start":{"line":5,"column":0},"end":{"line":5,"column":49}},"5":{"start":{"line":20,"column":0},"end":{"line":20,"column":13}},"6":{"start":{"line":20,"column":13},"end":{"line":20,"column":null}},"7":{"start":{"line":20,"column":25},"end":{"line":20,"column":null}},"8":{"start":{"line":20,"column":13},"end":{"line":20,"column":23}}},"fnMap":{"0":{"name":"(anonymous_2)","decl":{"start":{"line":20,"column":0},"end":{"line":20,"column":13}},"loc":{"start":{"line":20,"column":0},"end":{"line":20,"column":13}}}},"branchMap":{},"s":{"0":0,"1":0,"2":0,"3":0,"4":0,"5":0,"6":0,"7":0,"8":0},"f":{"0":0},"b":{}}
,"/home/gerrard/workspace/tour-reservation/src/tour/tour.providers.ts": {"path":"/home/gerrard/workspace/tour-reservation/src/tour/tour.providers.ts","statementMap":{"0":{"start":{"line":2,"column":0},"end":{"line":2,"column":46}},"1":{"start":{"line":4,"column":13},"end":{"line":10,"column":2}},"2":{"start":{"line":7,"column":44},"end":{"line":7,"column":null}}},"fnMap":{"0":{"name":"(anonymous_0)","decl":{"start":{"line":7,"column":16},"end":{"line":7,"column":17}},"loc":{"start":{"line":7,"column":39},"end":{"line":7,"column":54}}}},"branchMap":{},"s":{"0":1,"1":1,"2":2},"f":{"0":2},"b":{}}
,"/home/gerrard/workspace/tour-reservation/src/tour/tour.service.ts": {"path":"/home/gerrard/workspace/tour-reservation/src/tour/tour.service.ts","statementMap":{"0":{"start":{"line":1,"column":0},"end":{"line":1,"column":79}},"1":{"start":{"line":2,"column":0},"end":{"line":2,"column":66}},"2":{"start":{"line":5,"column":0},"end":{"line":5,"column":58}},"3":{"start":{"line":8,"column":0},"end":{"line":8,"column":56}},"4":{"start":{"line":11,"column":0},"end":{"line":11,"column":13}},"5":{"start":{"line":15,"column":12},"end":{"line":15,"column":28}},"6":{"start":{"line":17,"column":12},"end":{"line":17,"column":24}},"7":{"start":{"line":18,"column":21},"end":{"line":18,"column":35}},"8":{"start":{"line":20,"column":4},"end":{"line":20,"column":42}},"9":{"start":{"line":23,"column":8},"end":{"line":34,"column":null}},"10":{"start":{"line":24,"column":10},"end":{"line":24,"column":59}},"11":{"start":{"line":25,"column":25},"end":{"line":25,"column":null}},"12":{"start":{"line":25,"column":10},"end":{"line":25,"column":null}},"13":{"start":{"line":27,"column":6},"end":{"line":28,"column":83}},"14":{"start":{"line":31,"column":6},"end":{"line":31,"column":79}},"15":{"start":{"line":33,"column":4},"end":{"line":33,"column":16}},"16":{"start":{"line":36,"column":8},"end":{"line":38,"column":null}},"17":{"start":{"line":37,"column":11},"end":{"line":37,"column":null}},"18":{"start":{"line":37,"column":4},"end":{"line":37,"column":null}},"19":{"start":{"line":40,"column":8},"end":{"line":60,"column":null}},"20":{"start":{"line":42,"column":10},"end":{"line":43,"column":69}},"21":{"start":{"line":45,"column":35},"end":{"line":45,"column":null}},"22":{"start":{"line":45,"column":10},"end":{"line":45,"column":null}},"23":{"start":{"line":46,"column":4},"end":{"line":48,"column":null}},"24":{"start":{"line":47,"column":6},"end":{"line":47,"column":40}},"25":{"start":{"line":50,"column":23},"end":{"line":50,"column":null}},"26":{"start":{"line":50,"column":10},"end":{"line":50,"column":null}},"27":{"start":{"line":51,"column":4},"end":{"line":53,"column":null}},"28":{"start":{"line":52,"column":6},"end":{"line":52,"column":74}},"29":{"start":{"line":54,"column":18},"end":{"line":54,"column":null}},"30":{"start":{"line":54,"column":10},"end":{"line":54,"column":null}},"31":{"start":{"line":57,"column":4},"end":{"line":57,"column":58}},"32":{"start":{"line":59,"column":4},"end":{"line":59,"column":17}},"33":{"start":{"line":62,"column":8},"end":{"line":75,"column":null}},"34":{"start":{"line":64,"column":10},"end":{"line":64,"column":85}},"35":{"start":{"line":65,"column":10},"end":{"line":65,"column":87}},"36":{"start":{"line":66,"column":10},"end":{"line":66,"column":21}},"37":{"start":{"line":67,"column":4},"end":{"line":73,"column":null}},"38":{"start":{"line":68,"column":6},"end":{"line":71,"column":null}},"39":{"start":{"line":70,"column":8},"end":{"line":70,"column":17}},"40":{"start":{"line":72,"column":6},"end":{"line":72,"column":30}},"41":{"start":{"line":74,"column":4},"end":{"line":74,"column":17}},"42":{"start":{"line":77,"column":8},"end":{"line":89,"column":null}},"43":{"start":{"line":78,"column":23},"end":{"line":81,"column":null}},"44":{"start":{"line":78,"column":10},"end":{"line":81,"column":null}},"45":{"start":{"line":82,"column":4},"end":{"line":84,"column":null}},"46":{"start":{"line":83,"column":6},"end":{"line":83,"column":74}},"47":{"start":{"line":86,"column":4},"end":{"line":86,"column":45}},"48":{"start":{"line":87,"column":4},"end":{"line":87,"column":47}},"49":{"start":{"line":88,"column":4},"end":{"line":88,"column":16}},"50":{"start":{"line":91,"column":8},"end":{"line":112,"column":null}},"51":{"start":{"line":92,"column":23},"end":{"line":92,"column":null}},"52":{"start":{"line":92,"column":10},"end":{"line":92,"column":null}},"53":{"start":{"line":93,"column":4},"end":{"line":95,"column":null}},"54":{"start":{"line":94,"column":6},"end":{"line":94,"column":74}},"55":{"start":{"line":96,"column":19},"end":{"line":96,"column":null}},"56":{"start":{"line":96,"column":10},"end":{"line":96,"column":null}},"57":{"start":{"line":97,"column":4},"end":{"line":97,"column":41}},"58":{"start":{"line":98,"column":4},"end":{"line":98,"column":43}},"59":{"start":{"line":102,"column":17},"end":{"line":102,"column":null}},"60":{"start":{"line":102,"column":10},"end":{"line":102,"column":null}},"61":{"start":{"line":103,"column":25},"end":{"line":103,"column":null}},"62":{"start":{"line":103,"column":21},"end":{"line":103,"column":null}},"63":{"start":{"line":103,"column":14},"end":{"line":103,"column":21}},"64":{"start":{"line":104,"column":12},"end":{"line":104,"column":38}},"65":{"start":{"line":105,"column":12},"end":{"line":105,"column":41}},"66":{"start":{"line":106,"column":12},"end":{"line":106,"column":42}},"67":{"start":{"line":107,"column":20},"end":{"line":107,"column":null}},"68":{"start":{"line":107,"column":12},"end":{"line":107,"column":null}},"69":{"start":{"line":108,"column":6},"end":{"line":108,"column":55}},"70":{"start":{"line":111,"column":4},"end":{"line":111,"column":18}},"71":{"start":{"line":114,"column":8},"end":{"line":116,"column":null}},"72":{"start":{"line":115,"column":11},"end":{"line":115,"column":48}},"73":{"start":{"line":115,"column":4},"end":{"line":115,"column":48}},"74":{"start":{"line":11,"column":13},"end":{"line":117,"column":null}},"75":{"start":{"line":117,"column":0},"end":{"line":117,"column":null}},"76":{"start":{"line":11,"column":13},"end":{"line":11,"column":24}}},"fnMap":{"0":{"name":"(anonymous_17)","decl":{"start":{"line":11,"column":0},"end":{"line":11,"column":13}},"loc":{"start":{"line":11,"column":0},"end":{"line":11,"column":13}}},"1":{"name":"TourService","decl":{"start":{"line":13,"column":2},"end":{"line":13,"column":null}},"loc":{"start":{"line":18,"column":47},"end":{"line":21,"column":3}}},"2":{"name":"(anonymous_19)","decl":{"start":{"line":23,"column":2},"end":{"line":23,"column":8}},"loc":{"start":{"line":23,"column":61},"end":{"line":34,"column":null}}},"3":{"name":"(anonymous_22)","decl":{"start":{"line":36,"column":2},"end":{"line":36,"column":8}},"loc":{"start":{"line":36,"column":47},"end":{"line":38,"column":null}}},"4":{"name":"(anonymous_25)","decl":{"start":{"line":40,"column":2},"end":{"line":40,"column":8}},"loc":{"start":{"line":40,"column":62},"end":{"line":60,"column":null}}},"5":{"name":"(anonymous_28)","decl":{"start":{"line":62,"column":2},"end":{"line":62,"column":8}},"loc":{"start":{"line":62,"column":58},"end":{"line":75,"column":null}}},"6":{"name":"(anonymous_31)","decl":{"start":{"line":77,"column":2},"end":{"line":77,"column":8}},"loc":{"start":{"line":77,"column":26},"end":{"line":89,"column":null}}},"7":{"name":"(anonymous_34)","decl":{"start":{"line":91,"column":2},"end":{"line":91,"column":8}},"loc":{"start":{"line":91,"column":55},"end":{"line":112,"column":null}}},"8":{"name":"(anonymous_37)","decl":{"start":{"line":114,"column":2},"end":{"line":114,"column":8}},"loc":{"start":{"line":114,"column":25},"end":{"line":116,"column":null}}}},"branchMap":{"0":{"loc":{"start":{"line":33,"column":4},"end":{"line":33,"column":16}},"type":"switch","locations":[{"start":{"line":33,"column":4},"end":{"line":33,"column":16}}]},"1":{"loc":{"start":{"line":37,"column":11},"end":{"line":37,"column":null}},"type":"switch","locations":[{"start":{"line":37,"column":11},"end":{"line":37,"column":null}},{"start":{"line":37,"column":4},"end":{"line":37,"column":null}}]},"2":{"loc":{"start":{"line":46,"column":4},"end":{"line":48,"column":null}},"type":"if","locations":[{"start":{"line":46,"column":4},"end":{"line":48,"column":null}}]},"3":{"loc":{"start":{"line":51,"column":4},"end":{"line":53,"column":null}},"type":"if","locations":[{"start":{"line":51,"column":4},"end":{"line":53,"column":null}}]},"4":{"loc":{"start":{"line":68,"column":6},"end":{"line":71,"column":null}},"type":"if","locations":[{"start":{"line":68,"column":6},"end":{"line":71,"column":null}}]},"5":{"loc":{"start":{"line":68,"column":9},"end":{"line":69,"column":52}},"type":"binary-expr","locations":[{"start":{"line":68,"column":9},"end":{"line":68,"column":46}},{"start":{"line":69,"column":11},"end":{"line":69,"column":50}}]},"6":{"loc":{"start":{"line":68,"column":9},"end":{"line":68,"column":46}},"type":"cond-expr","locations":[{"start":{"line":68,"column":21},"end":{"line":68,"column":23}},{"start":{"line":68,"column":21},"end":{"line":68,"column":46}}]},"7":{"loc":{"start":{"line":68,"column":9},"end":{"line":68,"column":23}},"type":"binary-expr","locations":[{"start":{"line":68,"column":9},"end":{"line":68,"column":23}},{"start":{"line":68,"column":21},"end":{"line":68,"column":23}}]},"8":{"loc":{"start":{"line":69,"column":11},"end":{"line":69,"column":50}},"type":"cond-expr","locations":[{"start":{"line":69,"column":24},"end":{"line":69,"column":26}},{"start":{"line":69,"column":24},"end":{"line":69,"column":50}}]},"9":{"loc":{"start":{"line":69,"column":11},"end":{"line":69,"column":26}},"type":"binary-expr","locations":[{"start":{"line":69,"column":11},"end":{"line":69,"column":26}},{"start":{"line":69,"column":24},"end":{"line":69,"column":26}}]},"10":{"loc":{"start":{"line":78,"column":23},"end":{"line":81,"column":null}},"type":"switch","locations":[{"start":{"line":78,"column":23},"end":{"line":81,"column":null}}]},"11":{"loc":{"start":{"line":82,"column":4},"end":{"line":84,"column":null}},"type":"if","locations":[{"start":{"line":82,"column":4},"end":{"line":84,"column":null}}]},"12":{"loc":{"start":{"line":86,"column":19},"end":{"line":86,"column":44}},"type":"cond-expr","locations":[{"start":{"line":86,"column":31},"end":{"line":86,"column":33}},{"start":{"line":86,"column":31},"end":{"line":86,"column":44}}]},"13":{"loc":{"start":{"line":86,"column":19},"end":{"line":86,"column":33}},"type":"binary-expr","locations":[{"start":{"line":86,"column":19},"end":{"line":86,"column":33}},{"start":{"line":86,"column":31},"end":{"line":86,"column":33}}]},"14":{"loc":{"start":{"line":87,"column":20},"end":{"line":87,"column":46}},"type":"cond-expr","locations":[{"start":{"line":87,"column":33},"end":{"line":87,"column":35}},{"start":{"line":87,"column":33},"end":{"line":87,"column":46}}]},"15":{"loc":{"start":{"line":87,"column":20},"end":{"line":87,"column":35}},"type":"binary-expr","locations":[{"start":{"line":87,"column":20},"end":{"line":87,"column":35}},{"start":{"line":87,"column":33},"end":{"line":87,"column":35}}]},"16":{"loc":{"start":{"line":92,"column":23},"end":{"line":92,"column":null}},"type":"switch","locations":[{"start":{"line":92,"column":23},"end":{"line":92,"column":null}},{"start":{"line":111,"column":4},"end":{"line":111,"column":18}}]},"17":{"loc":{"start":{"line":93,"column":4},"end":{"line":95,"column":null}},"type":"if","locations":[{"start":{"line":93,"column":4},"end":{"line":95,"column":null}}]},"18":{"loc":{"start":{"line":103,"column":21},"end":{"line":103,"column":null}},"type":"if","locations":[{"start":{"line":103,"column":21},"end":{"line":103,"column":null}}]},"19":{"loc":{"start":{"line":115,"column":11},"end":{"line":115,"column":48}},"type":"switch","locations":[{"start":{"line":115,"column":11},"end":{"line":115,"column":48}},{"start":{"line":115,"column":4},"end":{"line":115,"column":48}}]}},"s":{"0":1,"1":1,"2":1,"3":1,"4":1,"5":0,"6":0,"7":0,"8":0,"9":1,"10":0,"11":0,"12":0,"13":0,"14":0,"15":0,"16":1,"17":0,"18":0,"19":1,"20":0,"21":0,"22":0,"23":0,"24":0,"25":0,"26":0,"27":0,"28":0,"29":0,"30":0,"31":0,"32":0,"33":1,"34":0,"35":0,"36":0,"37":0,"38":0,"39":0,"40":0,"41":0,"42":1,"43":0,"44":0,"45":0,"46":0,"47":0,"48":0,"49":0,"50":1,"51":0,"52":0,"53":0,"54":0,"55":0,"56":0,"57":0,"58":0,"59":0,"60":0,"61":0,"62":0,"63":0,"64":0,"65":0,"66":0,"67":0,"68":0,"69":0,"70":0,"71":1,"72":0,"73":0,"74":1,"75":1,"76":1},"f":{"0":1,"1":0,"2":0,"3":0,"4":0,"5":0,"6":0,"7":0,"8":0},"b":{"0":[0],"1":[0,0],"2":[0],"3":[0],"4":[0],"5":[0,0],"6":[0,0],"7":[0,0],"8":[0,0],"9":[0,0],"10":[0],"11":[0],"12":[0,0],"13":[0,0],"14":[0,0],"15":[0,0],"16":[0,0],"17":[0],"18":[0],"19":[0,0]}}
,"/home/gerrard/workspace/tour-reservation/src/tour/dto/create-tour.dto.ts": {"path":"/home/gerrard/workspace/tour-reservation/src/tour/dto/create-tour.dto.ts","statementMap":{"0":{"start":{"line":1,"column":0},"end":{"line":1,"column":46}},"1":{"start":{"line":3,"column":0},"end":{"line":3,"column":13}},"2":{"start":{"line":10,"column":2},"end":{"line":10,"column":null}},"3":{"start":{"line":16,"column":2},"end":{"line":16,"column":null}},"4":{"start":{"line":22,"column":2},"end":{"line":22,"column":null}},"5":{"start":{"line":23,"column":0},"end":{"line":23,"column":null}},"6":{"start":{"line":3,"column":13},"end":{"line":3,"column":26}}},"fnMap":{"0":{"name":"(anonymous_2)","decl":{"start":{"line":3,"column":0},"end":{"line":3,"column":13}},"loc":{"start":{"line":3,"column":0},"end":{"line":3,"column":13}}}},"branchMap":{},"s":{"0":1,"1":1,"2":1,"3":1,"4":1,"5":1,"6":1},"f":{"0":1},"b":{}}
,"/home/gerrard/workspace/tour-reservation/src/tour/dto/update-tour.dto.ts": {"path":"/home/gerrard/workspace/tour-reservation/src/tour/dto/update-tour.dto.ts","statementMap":{"0":{"start":{"line":1,"column":0},"end":{"line":1,"column":46}},"1":{"start":{"line":3,"column":0},"end":{"line":3,"column":13}},"2":{"start":{"line":8,"column":2},"end":{"line":8,"column":null}},"3":{"start":{"line":14,"column":2},"end":{"line":14,"column":null}},"4":{"start":{"line":15,"column":0},"end":{"line":15,"column":null}},"5":{"start":{"line":3,"column":13},"end":{"line":3,"column":26}}},"fnMap":{"0":{"name":"(anonymous_2)","decl":{"start":{"line":3,"column":0},"end":{"line":3,"column":13}},"loc":{"start":{"line":3,"column":0},"end":{"line":3,"column":13}}}},"branchMap":{},"s":{"0":1,"1":1,"2":1,"3":1,"4":1,"5":1},"f":{"0":1},"b":{}}
,"/home/gerrard/workspace/tour-reservation/src/tour/entities/tour.entity.ts": {"path":"/home/gerrard/workspace/tour-reservation/src/tour/entities/tour.entity.ts","statementMap":{"0":{"start":{"line":1,"column":0},"end":{"line":1,"column":87}},"1":{"start":{"line":2,"column":0},"end":{"line":2,"column":61}},"2":{"start":{"line":3,"column":0},"end":{"line":3,"column":76}},"3":{"start":{"line":6,"column":0},"end":{"line":6,"column":13}},"4":{"start":{"line":8,"column":2},"end":{"line":8,"column":null}},"5":{"start":{"line":11,"column":2},"end":{"line":11,"column":null}},"6":{"start":{"line":14,"column":2},"end":{"line":14,"column":null}},"7":{"start":{"line":17,"column":2},"end":{"line":17,"column":null}},"8":{"start":{"line":20,"column":2},"end":{"line":20,"column":null}},"9":{"start":{"line":19,"column":19},"end":{"line":19,"column":27}},"10":{"start":{"line":19,"column":39},"end":{"line":19,"column":52}},"11":{"start":{"line":23,"column":2},"end":{"line":23,"column":null}},"12":{"start":{"line":22,"column":19},"end":{"line":22,"column":32}},"13":{"start":{"line":22,"column":49},"end":{"line":22,"column":66}},"14":{"start":{"line":6,"column":13},"end":{"line":24,"column":null}},"15":{"start":{"line":24,"column":0},"end":{"line":24,"column":null}},"16":{"start":{"line":6,"column":13},"end":{"line":6,"column":17}}},"fnMap":{"0":{"name":"(anonymous_2)","decl":{"start":{"line":6,"column":0},"end":{"line":6,"column":13}},"loc":{"start":{"line":6,"column":0},"end":{"line":6,"column":13}}},"1":{"name":"(anonymous_4)","decl":{"start":{"line":19,"column":13},"end":{"line":19,"column":19}},"loc":{"start":{"line":19,"column":13},"end":{"line":19,"column":25}}},"2":{"name":"(anonymous_5)","decl":{"start":{"line":19,"column":27},"end":{"line":19,"column":28}},"loc":{"start":{"line":19,"column":34},"end":{"line":19,"column":45}}},"3":{"name":"(anonymous_6)","decl":{"start":{"line":22,"column":13},"end":{"line":22,"column":19}},"loc":{"start":{"line":22,"column":13},"end":{"line":22,"column":30}}},"4":{"name":"(anonymous_7)","decl":{"start":{"line":22,"column":32},"end":{"line":22,"column":33}},"loc":{"start":{"line":22,"column":44},"end":{"line":22,"column":60}}}},"branchMap":{},"s":{"0":5,"1":5,"2":5,"3":5,"4":5,"5":5,"6":5,"7":5,"8":5,"9":6,"10":6,"11":5,"12":6,"13":6,"14":5,"15":5,"16":5},"f":{"0":13,"1":6,"2":6,"3":6,"4":6},"b":{}}
}
