TN:
SF:src/app.controller.ts
FN:5,(anonymous_2)
FN:6,AppController
FN:9,(anonymous_4)
FNF:3
FNH:3
FNDA:1,(anonymous_2)
FNDA:1,AppController
FNDA:1,(anonymous_4)
DA:1,1
DA:2,1
DA:5,1
DA:6,1
DA:9,2
DA:10,1
DA:12,1
LF:7
LH:7
BRF:0
BRH:0
end_of_record
TN:
SF:src/app.module.ts
FN:32,(anonymous_1)
FNF:1
FNH:0
FNDA:0,(anonymous_1)
DA:1,0
DA:2,0
DA:3,0
DA:4,0
DA:5,0
DA:6,0
DA:7,0
DA:8,0
DA:9,0
DA:10,0
DA:11,0
DA:12,0
DA:32,0
LF:13
LH:0
BRF:0
BRH:0
end_of_record
TN:
SF:src/app.service.ts
FN:4,(anonymous_1)
FN:5,(anonymous_3)
FNF:2
FNH:2
FNDA:2,(anonymous_1)
FNDA:1,(anonymous_3)
DA:1,1
DA:4,1
DA:5,1
DA:6,1
DA:8,1
LF:5
LH:5
BRF:0
BRH:0
end_of_record
TN:
SF:src/main.ts
FN:5,bootstrap
FNF:1
FNH:0
FNDA:0,bootstrap
DA:1,0
DA:2,0
DA:3,0
DA:6,0
DA:8,0
DA:13,0
DA:14,0
DA:16,0
DA:18,0
LF:9
LH:0
BRDA:6,0,0,0
BRF:1
BRH:0
end_of_record
TN:
SF:src/cache/cache.config.ts
FN:9,(anonymous_15)
FN:10,RedisConfigService
FN:12,(anonymous_17)
FNF:3
FNH:0
FNDA:0,(anonymous_15)
FNDA:0,RedisConfigService
FNDA:0,(anonymous_17)
DA:1,0
DA:6,0
DA:9,0
DA:10,0
DA:12,0
DA:13,0
DA:20,0
LF:7
LH:0
BRF:0
BRH:0
end_of_record
TN:
SF:src/cache/cache.module.ts
FN:10,(anonymous_1)
FNF:1
FNH:0
FNDA:0,(anonymous_1)
DA:1,0
DA:2,0
DA:3,0
DA:10,0
LF:4
LH:0
BRF:0
BRH:0
end_of_record
TN:
SF:src/cache/cache.service.ts
FN:6,(anonymous_15)
FN:8,CacheService
FN:12,(anonymous_17)
FN:16,(anonymous_20)
FN:20,(anonymous_23)
FNF:5
FNH:0
FNDA:0,(anonymous_15)
FNDA:0,CacheService
FNDA:0,(anonymous_17)
FNDA:0,(anonymous_20)
FNDA:0,(anonymous_23)
DA:1,0
DA:3,0
DA:6,0
DA:8,0
DA:9,0
DA:12,0
DA:13,0
DA:16,0
DA:17,0
DA:20,0
DA:21,0
DA:23,0
LF:12
LH:0
BRDA:17,0,0,0
BRDA:17,0,1,0
BRDA:17,1,0,0
BRDA:17,1,1,0
BRF:4
BRH:0
end_of_record
TN:
SF:src/customer/customer.controller.ts
FN:8,(anonymous_4)
FN:9,CustomerController
FN:22,(anonymous_6)
FNF:3
FNH:1
FNDA:1,(anonymous_4)
FNDA:0,CustomerController
FNDA:0,(anonymous_6)
DA:1,1
DA:2,1
DA:3,1
DA:4,1
DA:8,1
DA:9,0
DA:22,2
DA:23,0
DA:25,1
LF:9
LH:7
BRF:0
BRH:0
end_of_record
TN:
SF:src/customer/customer.module.ts
FN:16,(anonymous_2)
FNF:1
FNH:0
FNDA:0,(anonymous_2)
DA:1,0
DA:2,0
DA:3,0
DA:4,0
DA:5,0
DA:16,0
LF:6
LH:0
BRF:0
BRH:0
end_of_record
TN:
SF:src/customer/customer.providers.ts
FN:7,(anonymous_0)
FNF:1
FNH:1
FNDA:2,(anonymous_0)
DA:2,1
DA:4,1
DA:7,2
LF:3
LH:3
BRF:0
BRH:0
end_of_record
TN:
SF:src/customer/customer.service.ts
FN:8,(anonymous_17)
FN:9,CustomerService
FN:14,(anonymous_19)
FN:19,(anonymous_22)
FN:23,(anonymous_25)
FN:27,(anonymous_28)
FNF:6
FNH:3
FNDA:2,(anonymous_17)
FNDA:2,CustomerService
FNDA:1,(anonymous_19)
FNDA:0,(anonymous_22)
FNDA:0,(anonymous_25)
FNDA:0,(anonymous_28)
DA:1,2
DA:2,2
DA:8,2
DA:11,2
DA:14,2
DA:15,1
DA:16,1
DA:19,2
DA:20,0
DA:23,2
DA:24,0
DA:27,2
DA:28,0
DA:30,2
LF:14
LH:11
BRDA:16,0,0,1
BRDA:20,1,0,0
BRDA:20,1,1,0
BRDA:24,2,0,0
BRDA:24,2,1,0
BRDA:28,3,0,0
BRDA:28,3,1,0
BRF:7
BRH:1
end_of_record
TN:
SF:src/customer/dto/create-customer.dto.ts
FN:3,(anonymous_2)
FNF:1
FNH:1
FNDA:1,(anonymous_2)
DA:1,1
DA:3,1
DA:5,1
DA:8,1
DA:9,1
LF:5
LH:5
BRF:0
BRH:0
end_of_record
TN:
SF:src/customer/dto/update-customer.dto.ts
FN:4,(anonymous_6)
FNF:1
FNH:0
FNDA:0,(anonymous_6)
DA:1,0
DA:2,0
DA:4,0
LF:3
LH:0
BRF:0
BRH:0
end_of_record
TN:
SF:src/customer/entities/customer.entity.ts
FN:5,(anonymous_2)
FN:12,(anonymous_4)
FN:12,(anonymous_5)
FNF:3
FNH:3
FNDA:12,(anonymous_2)
FNDA:6,(anonymous_4)
FNDA:6,(anonymous_5)
DA:1,5
DA:2,5
DA:5,5
DA:7,5
DA:10,5
DA:12,6
DA:13,5
DA:14,5
LF:8
LH:8
BRF:0
BRH:0
end_of_record
TN:
SF:src/database/database.module.ts
FN:8,(anonymous_2)
FNF:1
FNH:1
FNDA:9,(anonymous_2)
DA:1,3
DA:2,3
DA:8,3
LF:3
LH:3
BRF:0
BRH:0
end_of_record
TN:
SF:src/database/database.providers.ts
FN:6,(anonymous_13)
FNF:1
FNH:1
FNDA:12,(anonymous_13)
DA:1,3
DA:3,3
DA:6,6
DA:7,6
DA:21,6
LF:5
LH:5
BRF:0
BRH:0
end_of_record
TN:
SF:src/entities/entities.ts
FN:8,(anonymous_0)
FN:7,(anonymous_1)
FN:9,(anonymous_2)
FN:10,(anonymous_3)
FNF:4
FNH:0
FNDA:0,(anonymous_0)
FNDA:0,(anonymous_1)
FNDA:0,(anonymous_2)
FNDA:0,(anonymous_3)
DA:1,0
DA:2,0
DA:3,0
DA:4,0
DA:7,0
DA:8,0
DA:9,0
DA:10,0
LF:8
LH:0
BRF:0
BRH:0
end_of_record
TN:
SF:src/reservation/reservation.controller.ts
FN:10,(anonymous_4)
FN:11,ReservationController
FN:36,(anonymous_6)
FN:52,(anonymous_7)
FN:77,(anonymous_8)
FNF:5
FNH:1
FNDA:1,(anonymous_4)
FNDA:0,ReservationController
FNDA:0,(anonymous_6)
FNDA:0,(anonymous_7)
FNDA:0,(anonymous_8)
DA:1,1
DA:2,1
DA:3,1
DA:4,1
DA:5,1
DA:6,1
DA:10,1
DA:11,0
DA:36,2
DA:40,0
DA:52,2
DA:53,0
DA:77,2
DA:81,0
DA:82,0
DA:84,0
DA:86,1
LF:17
LH:11
BRDA:81,0,0,0
BRF:1
BRH:0
end_of_record
TN:
SF:src/reservation/reservation.module.ts
FN:19,(anonymous_2)
FNF:1
FNH:0
FNDA:0,(anonymous_2)
DA:1,0
DA:2,0
DA:3,0
DA:4,0
DA:5,0
DA:6,0
DA:19,0
LF:7
LH:0
BRF:0
BRH:0
end_of_record
TN:
SF:src/reservation/reservation.providers.ts
FN:7,(anonymous_0)
FNF:1
FNH:1
FNDA:2,(anonymous_0)
DA:2,1
DA:4,1
DA:7,2
LF:3
LH:3
BRF:0
BRH:0
end_of_record
TN:
SF:src/reservation/reservation.service.ts
FN:10,(anonymous_17)
FN:11,ReservationService
FN:20,(anonymous_19)
FN:44,(anonymous_22)
FN:44,(anonymous_23)
FN:99,(anonymous_25)
FN:103,(anonymous_28)
FN:107,(anonymous_31)
FN:113,(anonymous_34)
FN:125,(anonymous_37)
FNF:10
FNH:9
FNDA:2,(anonymous_17)
FNDA:2,ReservationService
FNDA:1,(anonymous_19)
FNDA:1,(anonymous_22)
FNDA:1,(anonymous_23)
FNDA:1,(anonymous_25)
FNDA:2,(anonymous_28)
FNDA:1,(anonymous_31)
FNDA:0,(anonymous_34)
FNDA:1,(anonymous_37)
DA:1,2
DA:2,2
DA:5,2
DA:6,2
DA:7,2
DA:10,2
DA:13,2
DA:15,2
DA:17,2
DA:20,2
DA:22,1
DA:26,1
DA:27,0
DA:30,1
DA:31,1
DA:34,1
DA:35,1
DA:36,1
DA:38,0
DA:40,1
DA:44,2
DA:45,1
DA:46,1
DA:49,1
DA:65,1
DA:66,1
DA:67,1
DA:71,1
DA:72,0
DA:75,1
DA:79,1
DA:80,1
DA:82,1
DA:83,0
DA:87,2
DA:89,2
DA:93,0
DA:96,1
DA:99,2
DA:100,1
DA:103,2
DA:104,2
DA:107,2
DA:109,1
DA:110,1
DA:113,2
DA:114,0
DA:115,0
DA:116,0
DA:119,0
DA:120,0
DA:122,0
DA:125,2
DA:126,1
DA:128,2
LF:55
LH:44
BRDA:22,0,0,1
BRDA:22,0,1,1
BRDA:26,1,0,0
BRDA:30,2,0,0
BRDA:30,2,1,1
BRDA:30,3,0,1
BRDA:30,3,1,1
BRDA:31,4,0,0
BRDA:31,4,1,1
BRDA:31,5,0,1
BRDA:31,5,1,1
BRDA:36,6,0,0
BRDA:36,7,0,1
BRDA:36,7,1,1
BRDA:67,8,0,1
BRDA:67,8,1,0
BRDA:67,9,0,1
BRDA:67,9,1,1
BRDA:67,10,0,0
BRDA:67,10,1,1
BRDA:67,11,0,1
BRDA:67,11,1,1
BRDA:71,12,0,0
BRDA:71,12,1,1
BRDA:82,13,0,0
BRDA:82,14,0,1
BRDA:82,14,1,1
BRDA:82,14,2,1
BRDA:100,15,0,1
BRDA:100,15,1,1
BRDA:110,16,0,1
BRDA:114,17,0,0
BRDA:114,17,1,0
BRDA:115,18,0,0
BRDA:119,19,0,0
BRDA:126,20,0,1
BRDA:126,20,1,1
BRF:37
BRH:25
end_of_record
TN:
SF:src/reservation/dto/create-reservation.dto.ts
FN:4,(anonymous_2)
FNF:1
FNH:1
FNDA:1,(anonymous_2)
DA:1,1
DA:4,1
DA:13,1
DA:14,1
LF:4
LH:4
BRF:0
BRH:0
end_of_record
TN:
SF:src/reservation/dto/update-reservation.dto.ts
FN:5,(anonymous_2)
FNF:1
FNH:1
FNDA:1,(anonymous_2)
DA:2,1
DA:3,1
DA:5,1
DA:12,1
DA:13,1
LF:5
LH:5
BRF:0
BRH:0
end_of_record
TN:
SF:src/reservation/entities/reservation.entity.ts
FN:5,(anonymous_2)
FN:12,(anonymous_3)
FN:30,(anonymous_5)
FN:30,(anonymous_6)
FN:33,(anonymous_7)
FN:33,(anonymous_8)
FNF:6
FNH:6
FNDA:5,(anonymous_2)
FNDA:18,(anonymous_3)
FNDA:6,(anonymous_5)
FNDA:6,(anonymous_6)
FNDA:6,(anonymous_7)
FNDA:6,(anonymous_8)
DA:1,5
DA:2,5
DA:3,5
DA:5,5
DA:6,5
DA:7,5
DA:8,5
DA:12,5
DA:14,5
DA:19,5
DA:22,5
DA:28,5
DA:30,6
DA:31,5
DA:33,6
DA:34,5
DA:35,5
LF:17
LH:17
BRDA:5,0,0,5
BRDA:5,0,1,5
BRF:2
BRH:2
end_of_record
TN:
SF:src/seller/seller.controller.ts
FN:9,(anonymous_4)
FN:10,SellerController
FN:23,(anonymous_6)
FNF:3
FNH:1
FNDA:1,(anonymous_4)
FNDA:0,SellerController
FNDA:0,(anonymous_6)
DA:1,1
DA:2,1
DA:3,1
DA:5,1
DA:9,1
DA:10,0
DA:23,2
DA:24,0
DA:26,1
LF:9
LH:7
BRF:0
BRH:0
end_of_record
TN:
SF:src/seller/seller.module.ts
FN:15,(anonymous_2)
FNF:1
FNH:0
FNDA:0,(anonymous_2)
DA:1,0
DA:2,0
DA:3,0
DA:4,0
DA:5,0
DA:15,0
LF:6
LH:0
BRF:0
BRH:0
end_of_record
TN:
SF:src/seller/seller.providers.ts
FN:7,(anonymous_0)
FNF:1
FNH:1
FNDA:2,(anonymous_0)
DA:2,1
DA:4,1
DA:7,2
LF:3
LH:3
BRF:0
BRH:0
end_of_record
TN:
SF:src/seller/seller.service.ts
FN:8,(anonymous_17)
FN:9,SellerService
FN:14,(anonymous_19)
FN:19,(anonymous_22)
FN:23,(anonymous_25)
FN:27,(anonymous_28)
FNF:6
FNH:6
FNDA:2,(anonymous_17)
FNDA:2,SellerService
FNDA:1,(anonymous_19)
FNDA:3,(anonymous_22)
FNDA:1,(anonymous_25)
FNDA:1,(anonymous_28)
DA:1,2
DA:2,2
DA:8,2
DA:11,2
DA:14,2
DA:15,1
DA:16,1
DA:19,2
DA:20,3
DA:23,2
DA:24,1
DA:27,2
DA:28,1
DA:30,2
LF:14
LH:14
BRDA:16,0,0,1
BRDA:20,1,0,3
BRDA:20,1,1,3
BRDA:24,2,0,1
BRDA:24,2,1,1
BRDA:28,3,0,1
BRDA:28,3,1,1
BRF:7
BRH:7
end_of_record
TN:
SF:src/seller/dto/create-seller.dto.ts
FN:3,(anonymous_2)
FNF:1
FNH:1
FNDA:1,(anonymous_2)
DA:1,1
DA:3,1
DA:5,1
DA:8,1
DA:9,1
LF:5
LH:5
BRF:0
BRH:0
end_of_record
TN:
SF:src/seller/dto/update-seller.dto.ts
FN:4,(anonymous_6)
FNF:1
FNH:0
FNDA:0,(anonymous_6)
DA:1,0
DA:2,0
DA:4,0
LF:3
LH:0
BRF:0
BRH:0
end_of_record
TN:
SF:src/seller/entities/seller.entity.ts
FN:5,(anonymous_2)
FN:12,(anonymous_4)
FN:12,(anonymous_5)
FNF:3
FNH:3
FNDA:16,(anonymous_2)
FNDA:6,(anonymous_4)
FNDA:6,(anonymous_5)
DA:1,5
DA:2,5
DA:5,5
DA:7,5
DA:10,5
DA:12,6
DA:13,5
DA:14,5
LF:8
LH:8
BRF:0
BRH:0
end_of_record
TN:
SF:src/tour/tour.controller.ts
FN:9,(anonymous_4)
FN:10,TourController
FN:30,(anonymous_6)
FN:46,(anonymous_7)
FN:65,(anonymous_8)
FNF:5
FNH:1
FNDA:1,(anonymous_4)
FNDA:0,TourController
FNDA:0,(anonymous_6)
FNDA:0,(anonymous_7)
FNDA:0,(anonymous_8)
DA:1,1
DA:2,1
DA:3,1
DA:4,1
DA:5,1
DA:9,1
DA:10,0
DA:30,2
DA:31,0
DA:46,2
DA:47,0
DA:65,2
DA:66,0
DA:68,1
LF:14
LH:10
BRF:0
BRH:0
end_of_record
TN:
SF:src/tour/tour.module.ts
FN:20,(anonymous_2)
FNF:1
FNH:0
FNDA:0,(anonymous_2)
DA:1,0
DA:2,0
DA:3,0
DA:4,0
DA:5,0
DA:20,0
LF:6
LH:0
BRF:0
BRH:0
end_of_record
TN:
SF:src/tour/tour.providers.ts
FN:7,(anonymous_0)
FNF:1
FNH:1
FNDA:2,(anonymous_0)
DA:2,1
DA:4,1
DA:7,2
LF:3
LH:3
BRF:0
BRH:0
end_of_record
TN:
SF:src/tour/tour.service.ts
FN:11,(anonymous_17)
FN:13,TourService
FN:23,(anonymous_19)
FN:36,(anonymous_22)
FN:40,(anonymous_25)
FN:62,(anonymous_28)
FN:77,(anonymous_31)
FN:91,(anonymous_34)
FN:114,(anonymous_37)
FNF:9
FNH:1
FNDA:1,(anonymous_17)
FNDA:0,TourService
FNDA:0,(anonymous_19)
FNDA:0,(anonymous_22)
FNDA:0,(anonymous_25)
FNDA:0,(anonymous_28)
FNDA:0,(anonymous_31)
FNDA:0,(anonymous_34)
FNDA:0,(anonymous_37)
DA:1,1
DA:2,1
DA:5,1
DA:8,1
DA:11,1
DA:15,0
DA:17,0
DA:18,0
DA:20,0
DA:23,1
DA:24,0
DA:25,0
DA:27,0
DA:31,0
DA:33,0
DA:36,1
DA:37,0
DA:40,1
DA:42,0
DA:45,0
DA:46,0
DA:47,0
DA:50,0
DA:51,0
DA:52,0
DA:54,0
DA:57,0
DA:59,0
DA:62,1
DA:64,0
DA:65,0
DA:66,0
DA:67,0
DA:68,0
DA:70,0
DA:72,0
DA:74,0
DA:77,1
DA:78,0
DA:82,0
DA:83,0
DA:86,0
DA:87,0
DA:88,0
DA:91,1
DA:92,0
DA:93,0
DA:94,0
DA:96,0
DA:97,0
DA:98,0
DA:102,0
DA:103,0
DA:104,0
DA:105,0
DA:106,0
DA:107,0
DA:108,0
DA:111,0
DA:114,1
DA:115,0
DA:117,1
LF:62
LH:13
BRDA:33,0,0,0
BRDA:37,1,0,0
BRDA:37,1,1,0
BRDA:46,2,0,0
BRDA:51,3,0,0
BRDA:68,4,0,0
BRDA:68,5,0,0
BRDA:68,5,1,0
BRDA:68,6,0,0
BRDA:68,6,1,0
BRDA:68,7,0,0
BRDA:68,7,1,0
BRDA:69,8,0,0
BRDA:69,8,1,0
BRDA:69,9,0,0
BRDA:69,9,1,0
BRDA:78,10,0,0
BRDA:82,11,0,0
BRDA:86,12,0,0
BRDA:86,12,1,0
BRDA:86,13,0,0
BRDA:86,13,1,0
BRDA:87,14,0,0
BRDA:87,14,1,0
BRDA:87,15,0,0
BRDA:87,15,1,0
BRDA:92,16,0,0
BRDA:92,16,1,0
BRDA:93,17,0,0
BRDA:103,18,0,0
BRDA:115,19,0,0
BRDA:115,19,1,0
BRF:32
BRH:0
end_of_record
TN:
SF:src/tour/dto/create-tour.dto.ts
FN:3,(anonymous_2)
FNF:1
FNH:1
FNDA:1,(anonymous_2)
DA:1,1
DA:3,1
DA:10,1
DA:16,1
DA:22,1
DA:23,1
LF:6
LH:6
BRF:0
BRH:0
end_of_record
TN:
SF:src/tour/dto/update-tour.dto.ts
FN:3,(anonymous_2)
FNF:1
FNH:1
FNDA:1,(anonymous_2)
DA:1,1
DA:3,1
DA:8,1
DA:14,1
DA:15,1
LF:5
LH:5
BRF:0
BRH:0
end_of_record
TN:
SF:src/tour/entities/tour.entity.ts
FN:6,(anonymous_2)
FN:19,(anonymous_4)
FN:19,(anonymous_5)
FN:22,(anonymous_6)
FN:22,(anonymous_7)
FNF:5
FNH:5
FNDA:13,(anonymous_2)
FNDA:6,(anonymous_4)
FNDA:6,(anonymous_5)
FNDA:6,(anonymous_6)
FNDA:6,(anonymous_7)
DA:1,5
DA:2,5
DA:3,5
DA:6,5
DA:8,5
DA:11,5
DA:14,5
DA:17,5
DA:19,6
DA:20,5
DA:22,6
DA:23,5
DA:24,5
LF:13
LH:13
BRF:0
BRH:0
end_of_record
