TN:
SF:src/app.controller.ts
FN:5,(anonymous_2)
FN:6,AppController
FN:9,(anonymous_4)
FNF:3
FNH:3
FNDA:1,(anonymous_2)
FNDA:1,AppController
FNDA:1,(anonymous_4)
DA:1,1
DA:2,1
DA:5,1
DA:6,1
DA:9,2
DA:10,1
DA:12,1
LF:7
LH:7
BRF:0
BRH:0
end_of_record
TN:
SF:src/app.module.ts
FN:30,(anonymous_1)
FNF:1
FNH:0
FNDA:0,(anonymous_1)
DA:1,0
DA:2,0
DA:3,0
DA:4,0
DA:5,0
DA:6,0
DA:7,0
DA:8,0
DA:9,0
DA:30,0
LF:10
LH:0
BRF:0
BRH:0
end_of_record
TN:
SF:src/app.service.ts
FN:4,(anonymous_1)
FN:5,(anonymous_3)
FNF:2
FNH:2
FNDA:2,(anonymous_1)
FNDA:1,(anonymous_3)
DA:1,1
DA:4,1
DA:5,1
DA:6,1
DA:8,1
LF:5
LH:5
BRF:0
BRH:0
end_of_record
TN:
SF:src/main.ts
FN:20,bootstrap
FNF:1
FNH:0
FNDA:0,bootstrap
DA:1,0
DA:2,0
DA:4,0
DA:5,0
DA:6,0
DA:8,0
DA:21,0
DA:22,0
DA:23,0
DA:25,0
LF:10
LH:0
BRDA:21,0,0,0
BRF:1
BRH:0
end_of_record
TN:
SF:src/customer/customer.controller.ts
FN:7,(anonymous_4)
FN:8,CustomerController
FN:11,(anonymous_6)
FN:16,(anonymous_7)
FN:21,(anonymous_8)
FN:26,(anonymous_9)
FN:31,(anonymous_10)
FNF:7
FNH:2
FNDA:1,(anonymous_4)
FNDA:1,CustomerController
FNDA:0,(anonymous_6)
FNDA:0,(anonymous_7)
FNDA:0,(anonymous_8)
FNDA:0,(anonymous_9)
FNDA:0,(anonymous_10)
DA:1,1
DA:2,1
DA:3,1
DA:4,1
DA:7,1
DA:8,1
DA:11,2
DA:12,0
DA:16,2
DA:17,0
DA:21,2
DA:22,0
DA:26,2
DA:27,0
DA:31,2
DA:32,0
DA:34,1
LF:17
LH:12
BRF:0
BRH:0
end_of_record
TN:
SF:src/customer/customer.module.ts
FN:9,(anonymous_1)
FNF:1
FNH:0
FNDA:0,(anonymous_1)
DA:1,0
DA:2,0
DA:3,0
DA:9,0
LF:4
LH:0
BRF:0
BRH:0
end_of_record
TN:
SF:src/customer/customer.service.ts
FN:6,(anonymous_1)
FN:7,(anonymous_3)
FN:11,(anonymous_4)
FN:15,(anonymous_5)
FN:19,(anonymous_6)
FN:23,(anonymous_7)
FNF:6
FNH:1
FNDA:4,(anonymous_1)
FNDA:0,(anonymous_3)
FNDA:0,(anonymous_4)
FNDA:0,(anonymous_5)
FNDA:0,(anonymous_6)
FNDA:0,(anonymous_7)
DA:1,2
DA:6,2
DA:7,2
DA:8,0
DA:11,2
DA:12,0
DA:15,2
DA:16,0
DA:19,2
DA:20,0
DA:23,2
DA:24,0
DA:26,2
LF:13
LH:8
BRF:0
BRH:0
end_of_record
TN:
SF:src/customer/dto/create-customer.dto.ts
FN:1,(anonymous_0)
FNF:1
FNH:1
FNDA:1,(anonymous_0)
DA:1,1
LF:1
LH:1
BRF:0
BRH:0
end_of_record
TN:
SF:src/customer/dto/update-customer.dto.ts
FN:4,(anonymous_6)
FNF:1
FNH:1
FNDA:1,(anonymous_6)
DA:1,1
DA:2,1
DA:4,1
LF:3
LH:3
BRF:0
BRH:0
end_of_record
TN:
SF:src/customer/entities/customer.entity.ts
FN:5,(anonymous_2)
FN:12,(anonymous_4)
FN:12,(anonymous_5)
FNF:3
FNH:0
FNDA:0,(anonymous_2)
FNDA:0,(anonymous_4)
FNDA:0,(anonymous_5)
DA:1,0
DA:2,0
DA:5,0
DA:7,0
DA:10,0
DA:12,0
DA:13,0
DA:14,0
LF:8
LH:0
BRF:0
BRH:0
end_of_record
TN:
SF:src/entities/entities.ts
FN:8,(anonymous_0)
FN:7,(anonymous_1)
FN:9,(anonymous_2)
FN:10,(anonymous_3)
FNF:4
FNH:0
FNDA:0,(anonymous_0)
FNDA:0,(anonymous_1)
FNDA:0,(anonymous_2)
FNDA:0,(anonymous_3)
DA:1,0
DA:2,0
DA:3,0
DA:4,0
DA:7,0
DA:8,0
DA:9,0
DA:10,0
LF:8
LH:0
BRF:0
BRH:0
end_of_record
TN:
SF:src/reservation/reservation.controller.ts
FN:7,(anonymous_4)
FN:8,ReservationController
FN:11,(anonymous_6)
FN:16,(anonymous_7)
FN:21,(anonymous_8)
FNF:5
FNH:2
FNDA:1,(anonymous_4)
FNDA:1,ReservationController
FNDA:0,(anonymous_6)
FNDA:0,(anonymous_7)
FNDA:0,(anonymous_8)
DA:1,1
DA:2,1
DA:3,1
DA:4,1
DA:7,1
DA:8,1
DA:11,2
DA:12,0
DA:16,2
DA:17,0
DA:21,2
DA:22,0
DA:24,1
LF:13
LH:10
BRF:0
BRH:0
end_of_record
TN:
SF:src/reservation/reservation.module.ts
FN:9,(anonymous_1)
FNF:1
FNH:0
FNDA:0,(anonymous_1)
DA:1,0
DA:2,0
DA:3,0
DA:9,0
LF:4
LH:0
BRF:0
BRH:0
end_of_record
TN:
SF:src/reservation/reservation.service.ts
FN:7,(anonymous_1)
FN:8,(anonymous_3)
FN:19,(anonymous_4)
FN:23,(anonymous_5)
FNF:4
FNH:1
FNDA:4,(anonymous_1)
FNDA:0,(anonymous_3)
FNDA:0,(anonymous_4)
FNDA:0,(anonymous_5)
DA:1,2
DA:7,2
DA:8,2
DA:16,0
DA:19,2
DA:20,0
DA:23,2
DA:35,0
DA:37,2
LF:9
LH:6
BRF:0
BRH:0
end_of_record
TN:
SF:src/reservation/dto/create-reservation.dto.ts
FN:1,(anonymous_0)
FNF:1
FNH:1
FNDA:1,(anonymous_0)
DA:1,1
DA:6,1
LF:2
LH:2
BRF:0
BRH:0
end_of_record
TN:
SF:src/reservation/dto/update-reservation.dto.ts
FN:5,(anonymous_6)
FNF:1
FNH:1
FNDA:1,(anonymous_6)
DA:1,1
DA:2,1
DA:5,1
DA:8,1
LF:4
LH:4
BRF:0
BRH:0
end_of_record
TN:
SF:src/reservation/entities/reservation.entity.ts
FN:5,(anonymous_2)
FN:12,(anonymous_3)
FN:25,(anonymous_5)
FN:25,(anonymous_6)
FN:28,(anonymous_7)
FN:28,(anonymous_8)
FNF:6
FNH:0
FNDA:0,(anonymous_2)
FNDA:0,(anonymous_3)
FNDA:0,(anonymous_5)
FNDA:0,(anonymous_6)
FNDA:0,(anonymous_7)
FNDA:0,(anonymous_8)
DA:1,0
DA:2,0
DA:3,0
DA:5,0
DA:6,0
DA:7,0
DA:8,0
DA:12,0
DA:14,0
DA:17,0
DA:23,0
DA:25,0
DA:26,0
DA:28,0
DA:29,0
DA:30,0
LF:16
LH:0
BRDA:5,0,0,0
BRDA:5,0,1,0
BRF:2
BRH:0
end_of_record
TN:
SF:src/seller/seller.controller.ts
FN:7,(anonymous_4)
FN:8,SellerController
FN:11,(anonymous_6)
FN:16,(anonymous_7)
FN:21,(anonymous_8)
FN:26,(anonymous_9)
FN:31,(anonymous_10)
FNF:7
FNH:2
FNDA:1,(anonymous_4)
FNDA:1,SellerController
FNDA:0,(anonymous_6)
FNDA:0,(anonymous_7)
FNDA:0,(anonymous_8)
FNDA:0,(anonymous_9)
FNDA:0,(anonymous_10)
DA:1,1
DA:2,1
DA:3,1
DA:4,1
DA:7,1
DA:8,1
DA:11,2
DA:12,0
DA:16,2
DA:17,0
DA:21,2
DA:22,0
DA:26,2
DA:27,0
DA:31,2
DA:32,0
DA:34,1
LF:17
LH:12
BRF:0
BRH:0
end_of_record
TN:
SF:src/seller/seller.module.ts
FN:13,(anonymous_1)
FNF:1
FNH:0
FNDA:0,(anonymous_1)
DA:1,0
DA:2,0
DA:3,0
DA:4,0
DA:5,0
DA:13,0
LF:6
LH:0
BRF:0
BRH:0
end_of_record
TN:
SF:src/seller/seller.service.ts
FN:9,(anonymous_1)
FN:15,(anonymous_3)
FN:20,(anonymous_4)
FN:24,(anonymous_5)
FN:28,(anonymous_6)
FN:33,(anonymous_7)
FNF:6
FNH:1
FNDA:4,(anonymous_1)
FNDA:0,(anonymous_3)
FNDA:0,(anonymous_4)
FNDA:0,(anonymous_5)
FNDA:0,(anonymous_6)
FNDA:0,(anonymous_7)
DA:1,2
DA:9,2
DA:15,2
DA:17,0
DA:20,2
DA:21,0
DA:24,2
DA:25,0
DA:28,2
DA:30,0
DA:33,2
DA:34,0
DA:36,2
LF:13
LH:8
BRF:0
BRH:0
end_of_record
TN:
SF:src/seller/dto/create-seller.dto.ts
FN:1,(anonymous_0)
FNF:1
FNH:1
FNDA:1,(anonymous_0)
DA:1,1
LF:1
LH:1
BRF:0
BRH:0
end_of_record
TN:
SF:src/seller/dto/update-seller.dto.ts
FN:4,(anonymous_6)
FNF:1
FNH:1
FNDA:1,(anonymous_6)
DA:1,1
DA:2,1
DA:4,1
LF:3
LH:3
BRF:0
BRH:0
end_of_record
TN:
SF:src/seller/entities/seller.entity.ts
FN:5,(anonymous_2)
FN:18,(anonymous_4)
FN:18,(anonymous_5)
FNF:3
FNH:0
FNDA:0,(anonymous_2)
FNDA:0,(anonymous_4)
FNDA:0,(anonymous_5)
DA:1,0
DA:2,0
DA:5,0
DA:7,0
DA:10,0
DA:13,0
DA:16,0
DA:18,0
DA:19,0
DA:20,0
LF:10
LH:0
BRF:0
BRH:0
end_of_record
TN:
SF:src/tour/tour.controller.ts
FN:7,(anonymous_4)
FN:8,TourController
FN:11,(anonymous_6)
FN:16,(anonymous_7)
FN:21,(anonymous_8)
FN:26,(anonymous_9)
FN:31,(anonymous_10)
FNF:7
FNH:2
FNDA:1,(anonymous_4)
FNDA:1,TourController
FNDA:0,(anonymous_6)
FNDA:0,(anonymous_7)
FNDA:0,(anonymous_8)
FNDA:0,(anonymous_9)
FNDA:0,(anonymous_10)
DA:1,1
DA:2,1
DA:3,1
DA:4,1
DA:7,1
DA:8,1
DA:11,2
DA:12,0
DA:16,2
DA:17,0
DA:21,2
DA:22,0
DA:26,2
DA:27,0
DA:31,2
DA:32,0
DA:34,1
LF:17
LH:12
BRF:0
BRH:0
end_of_record
TN:
SF:src/tour/tour.module.ts
FN:9,(anonymous_1)
FNF:1
FNH:0
FNDA:0,(anonymous_1)
DA:1,0
DA:2,0
DA:3,0
DA:9,0
LF:4
LH:0
BRF:0
BRH:0
end_of_record
TN:
SF:src/tour/tour.service.ts
FN:6,(anonymous_1)
FN:7,(anonymous_3)
FN:11,(anonymous_4)
FN:15,(anonymous_5)
FN:19,(anonymous_6)
FN:23,(anonymous_7)
FNF:6
FNH:1
FNDA:4,(anonymous_1)
FNDA:0,(anonymous_3)
FNDA:0,(anonymous_4)
FNDA:0,(anonymous_5)
FNDA:0,(anonymous_6)
FNDA:0,(anonymous_7)
DA:1,2
DA:6,2
DA:7,2
DA:8,0
DA:11,2
DA:12,0
DA:15,2
DA:16,0
DA:19,2
DA:20,0
DA:23,2
DA:24,0
DA:26,2
LF:13
LH:8
BRF:0
BRH:0
end_of_record
TN:
SF:src/tour/dto/create-tour.dto.ts
FN:1,(anonymous_0)
FNF:1
FNH:1
FNDA:1,(anonymous_0)
DA:1,1
LF:1
LH:1
BRF:0
BRH:0
end_of_record
TN:
SF:src/tour/dto/update-tour.dto.ts
FN:4,(anonymous_6)
FNF:1
FNH:1
FNDA:1,(anonymous_6)
DA:1,1
DA:2,1
DA:4,1
LF:3
LH:3
BRF:0
BRH:0
end_of_record
TN:
SF:src/tour/entities/tour.entity.ts
FN:6,(anonymous_2)
FN:13,(anonymous_4)
FN:13,(anonymous_5)
FN:16,(anonymous_6)
FN:16,(anonymous_7)
FNF:5
FNH:0
FNDA:0,(anonymous_2)
FNDA:0,(anonymous_4)
FNDA:0,(anonymous_5)
FNDA:0,(anonymous_6)
FNDA:0,(anonymous_7)
DA:1,0
DA:2,0
DA:3,0
DA:6,0
DA:8,0
DA:11,0
DA:13,0
DA:14,0
DA:16,0
DA:17,0
DA:18,0
LF:11
LH:0
BRF:0
BRH:0
end_of_record
